[2018-05-09 19:38:16] [INFO] 启动chromedriver
[2018-05-09 19:38:23] [INFO] 获得网址:http://192.168.102.29/upload
[2018-05-09 19:38:26] [INFO] 属性的值为： id: ls_username
[2018-05-09 19:38:26] [ERROR] 成功定位到该元素: id: ls_username
[2018-05-09 19:38:26] [INFO] 输入:admin成功true
[2018-05-09 19:38:26] [INFO] 属性的值为： id: ls_password
[2018-05-09 19:38:26] [ERROR] 成功定位到该元素: id: ls_password
[2018-05-09 19:38:26] [INFO] 输入:admin成功true
[2018-05-09 19:38:26] [INFO] 属性的值为： xpath: /html/body/div[5]/div/div[1]/form/div/div/table/tbody/tr[2]/td[3]/button
[2018-05-09 19:38:26] [ERROR] 成功定位到该元素: xpath: /html/body/div[5]/div/div[1]/form/div/div/table/tbody/tr[2]/td[3]/button
[2018-05-09 19:38:26] [INFO] 属性的值为： xpath: /html/body/div[5]/div/div[1]/form/div/div/table/tbody/tr[2]/td[3]/button
[2018-05-09 19:38:26] [INFO] 点击 xpath: /html/body/div[5]/div/div[1]/form/div/div/table/tbody/tr[2]/td[3]/button成功
[2018-05-09 19:38:33] [INFO] 属性的值为： link text: 默认版块
[2018-05-09 19:38:33] [ERROR] 成功定位到该元素: link text: 默认版块
[2018-05-09 19:38:40] [INFO] 属性的值为： link text: 默认版块
[2018-05-09 19:38:40] [INFO] 点击 link text: 默认版块成功
[2018-05-09 19:38:42] [INFO] 属性的值为： xpath: //*[@id="normalthread_20"]/tr/td[2]/input
[2018-05-09 19:38:42] [ERROR] 成功定位到该元素: xpath: //*[@id="normalthread_20"]/tr/td[2]/input
[2018-05-09 19:38:42] [INFO] 属性的值为： xpath: //*[@id="normalthread_20"]/tr/td[2]/input
[2018-05-09 19:38:42] [INFO] 点击 xpath: //*[@id="normalthread_20"]/tr/td[2]/input成功
[2018-05-09 19:38:44] [INFO] 属性的值为： link text: 删除
[2018-05-09 19:38:44] [ERROR] 成功定位到该元素: link text: 删除
[2018-05-09 19:38:44] [INFO] 属性的值为： link text: 删除
[2018-05-09 19:38:44] [INFO] 点击 link text: 删除成功
[2018-05-09 19:38:46] [INFO] 属性的值为： id: reason
[2018-05-09 19:38:46] [ERROR] 成功定位到该元素: id: reason
[2018-05-09 19:38:46] [INFO] 输入:违法内容成功true
[2018-05-09 19:38:48] [INFO] 属性的值为： name: modsubmit
[2018-05-09 19:38:48] [ERROR] 成功定位到该元素: name: modsubmit
[2018-05-09 19:38:48] [INFO] 属性的值为： name: modsubmit
[2018-05-09 19:38:48] [INFO] 点击 name: modsubmit成功
[2018-05-09 19:38:56] [INFO] 属性的值为： link text: 管理中心
[2018-05-09 19:38:56] [ERROR] 成功定位到该元素: link text: 管理中心
[2018-05-09 19:38:56] [INFO] 属性的值为： link text: 管理中心
[2018-05-09 19:38:56] [INFO] 点击 link text: 管理中心成功
[2018-05-09 19:39:08] [INFO] 获得当前句柄：CDwindow-63A3B712EB9C876F967CE9D09CEF157A
[2018-05-09 19:39:08] [INFO] 获得当前句柄：CDwindow-492C316EDA17F4883FBB55E21E2DC688
[2018-05-09 19:39:09] [INFO] 属性的值为： link text: 论坛
[2018-05-09 19:39:09] [ERROR] 成功定位到该元素: link text: 论坛
[2018-05-09 19:39:09] [INFO] 属性的值为： link text: 论坛
[2018-05-09 19:39:09] [INFO] 点击 link text: 论坛成功
[2018-05-09 19:39:13] [INFO] 属性的值为： link text: 添加新版块
[2018-05-09 19:39:13] [ERROR] 成功定位到该元素: link text: 添加新版块
[2018-05-09 19:39:14] [INFO] 属性的值为： link text: 添加新版块
[2018-05-09 19:39:14] [INFO] 点击 link text: 添加新版块成功
[2018-05-09 19:39:18] [INFO] 属性的值为： link text: 添加新版块
[2018-05-09 19:39:18] [ERROR] 没有定位到该元素: link text: 添加新版块
[2018-05-09 19:39:18] [INFO] driver成功关闭
