[2018-05-09 20:07:06] [INFO] 启动chromedriver
[2018-05-09 20:07:14] [INFO] 获得网址:http://192.168.102.29/upload
[2018-05-09 20:07:14] [INFO] 开始查找元素：By.id: ls_username
[2018-05-09 20:07:14] [INFO] 找到了元素 [By.id: ls_username]
[2018-05-09 20:07:14] [INFO] 属性的值为： id: ls_username
[2018-05-09 20:07:14] [ERROR] 成功定位到该元素: id: ls_username
[2018-05-09 20:07:14] [INFO] 输入:duanjiangtao成功true
[2018-05-09 20:07:14] [INFO] 开始查找元素：By.id: ls_password
[2018-05-09 20:07:14] [INFO] 找到了元素 [By.id: ls_password]
[2018-05-09 20:07:14] [INFO] 属性的值为： id: ls_password
[2018-05-09 20:07:14] [ERROR] 成功定位到该元素: id: ls_password
[2018-05-09 20:07:14] [INFO] 输入:duanjiangtao成功true
[2018-05-09 20:07:14] [INFO] 开始查找元素：By.xpath: /html/body/div[5]/div/div[1]/form/div/div/table/tbody/tr[2]/td[3]/button
[2018-05-09 20:07:14] [INFO] 找到了元素 [By.xpath: /html/body/div[5]/div/div[1]/form/div/div/table/tbody/tr[2]/td[3]/button]
[2018-05-09 20:07:14] [INFO] 属性的值为： xpath: /html/body/div[5]/div/div[1]/form/div/div/table/tbody/tr[2]/td[3]/button
[2018-05-09 20:07:14] [ERROR] 成功定位到该元素: xpath: /html/body/div[5]/div/div[1]/form/div/div/table/tbody/tr[2]/td[3]/button
[2018-05-09 20:07:14] [INFO] 属性的值为： xpath: /html/body/div[5]/div/div[1]/form/div/div/table/tbody/tr[2]/td[3]/button
[2018-05-09 20:07:14] [INFO] 点击 xpath: /html/body/div[5]/div/div[1]/form/div/div/table/tbody/tr[2]/td[3]/button成功
[2018-05-09 20:07:14] [INFO] 开始查找元素：By.linkText: 默认版块
[2018-05-09 20:07:14] [INFO] 找到了元素 [By.linkText: 默认版块]
[2018-05-09 20:07:14] [INFO] 属性的值为： link text: 默认版块
[2018-05-09 20:07:14] [ERROR] 成功定位到该元素: link text: 默认版块
[2018-05-09 20:07:20] [INFO] 属性的值为： link text: 默认版块
[2018-05-09 20:07:20] [INFO] 点击 link text: 默认版块成功
[2018-05-09 20:07:20] [INFO] 开始查找元素：By.xpath: //*[@id="normalthread_37"]/tr/th/a[2]
[2018-05-09 20:07:20] [INFO] 找到了元素 [By.xpath: //*[@id="normalthread_37"]/tr/th/a[2]]
[2018-05-09 20:07:20] [INFO] 属性的值为： xpath: //*[@id="normalthread_37"]/tr/th/a[2]
[2018-05-09 20:07:20] [ERROR] 成功定位到该元素: xpath: //*[@id="normalthread_37"]/tr/th/a[2]
[2018-05-09 20:07:21] [INFO] 属性的值为： xpath: //*[@id="normalthread_37"]/tr/th/a[2]
[2018-05-09 20:07:21] [INFO] 点击 xpath: //*[@id="normalthread_37"]/tr/th/a[2]成功
[2018-05-09 20:07:21] [INFO] 开始查找元素：By.xpath: //*[@id="post_reply"]/img
[2018-05-09 20:07:31] [ERROR] 超时!! 10 秒之后还没找到元素 [By.xpath: //*[@id="post_reply"]/img]
[2018-05-09 20:07:31] [INFO] driver成功关闭
