[2018-05-08 17:27:30] [INFO] 启动chromedriver
[2018-05-08 17:27:40] [INFO] 获得网址:http://192.168.102.23/upload
[2018-05-08 17:27:40] [INFO] 属性的值为： id: ls_username
[2018-05-08 17:27:40] [ERROR] 成功定位到该元素: id: ls_username
[2018-05-08 17:27:40] [INFO] 输入:admin成功true
[2018-05-08 17:27:40] [INFO] 属性的值为： id: ls_password
[2018-05-08 17:27:40] [ERROR] 成功定位到该元素: id: ls_password
[2018-05-08 17:27:40] [INFO] 输入:admin成功true
[2018-05-08 17:27:40] [INFO] 属性的值为： xpath: /html/body/div[5]/div/div[1]/form/div/div/table/tbody/tr[2]/td[3]/button
[2018-05-08 17:27:40] [ERROR] 成功定位到该元素: xpath: /html/body/div[5]/div/div[1]/form/div/div/table/tbody/tr[2]/td[3]/button
[2018-05-08 17:27:40] [INFO] 属性的值为： xpath: /html/body/div[5]/div/div[1]/form/div/div/table/tbody/tr[2]/td[3]/button
[2018-05-08 17:27:40] [INFO] 点击 xpath: /html/body/div[5]/div/div[1]/form/div/div/table/tbody/tr[2]/td[3]/button成功
[2018-05-08 17:27:48] [INFO] 属性的值为： link text: 默认版块
[2018-05-08 17:27:48] [ERROR] 成功定位到该元素: link text: 默认版块
[2018-05-08 17:27:54] [INFO] 属性的值为： link text: 默认版块
[2018-05-08 17:27:54] [INFO] 点击 link text: 默认版块成功
[2018-05-08 17:27:56] [INFO] 属性的值为： xpath: //*[@id="normalthread_14"]/tr/td[2]/input
[2018-05-08 17:27:56] [ERROR] 成功定位到该元素: xpath: //*[@id="normalthread_14"]/tr/td[2]/input
[2018-05-08 17:27:56] [INFO] 属性的值为： xpath: //*[@id="normalthread_14"]/tr/td[2]/input
[2018-05-08 17:27:56] [INFO] 点击 xpath: //*[@id="normalthread_14"]/tr/td[2]/input成功
[2018-05-08 17:27:58] [INFO] 属性的值为： link text: 删除
[2018-05-08 17:27:58] [ERROR] 成功定位到该元素: link text: 删除
[2018-05-08 17:27:58] [INFO] 属性的值为： link text: 删除
[2018-05-08 17:27:58] [INFO] 点击 link text: 删除成功
[2018-05-08 17:28:00] [INFO] 属性的值为： id: reason
[2018-05-08 17:28:00] [ERROR] 成功定位到该元素: id: reason
[2018-05-08 17:28:00] [INFO] 输入:违法内容成功true
[2018-05-08 17:28:03] [INFO] 属性的值为： name: modsubmit
[2018-05-08 17:28:03] [ERROR] 成功定位到该元素: name: modsubmit
[2018-05-08 17:28:03] [INFO] 属性的值为： name: modsubmit
[2018-05-08 17:28:03] [INFO] 点击 name: modsubmit成功
[2018-05-08 17:28:03] [INFO] driver成功关闭
