[2018-05-08 18:08:29] [INFO] 启动chromedriver
[2018-05-08 18:08:38] [INFO] 获得网址:http://192.168.102.23/upload
[2018-05-08 18:08:38] [INFO] 属性的值为： id: ls_username
[2018-05-08 18:08:38] [ERROR] 成功定位到该元素: id: ls_username
[2018-05-08 18:08:38] [INFO] 输入:admin成功true
[2018-05-08 18:08:38] [INFO] 属性的值为： id: ls_password
[2018-05-08 18:08:38] [ERROR] 成功定位到该元素: id: ls_password
[2018-05-08 18:08:38] [INFO] 输入:admin成功true
[2018-05-08 18:08:38] [INFO] 属性的值为： xpath: /html/body/div[5]/div/div[1]/form/div/div/table/tbody/tr[2]/td[3]/button
[2018-05-08 18:08:38] [ERROR] 成功定位到该元素: xpath: /html/body/div[5]/div/div[1]/form/div/div/table/tbody/tr[2]/td[3]/button
[2018-05-08 18:08:38] [INFO] 属性的值为： xpath: /html/body/div[5]/div/div[1]/form/div/div/table/tbody/tr[2]/td[3]/button
[2018-05-08 18:08:38] [INFO] 点击 xpath: /html/body/div[5]/div/div[1]/form/div/div/table/tbody/tr[2]/td[3]/button成功
[2018-05-08 18:08:46] [INFO] 属性的值为： link text: 管理中心
[2018-05-08 18:08:46] [ERROR] 成功定位到该元素: link text: 管理中心
[2018-05-08 18:08:46] [INFO] 属性的值为： link text: 管理中心
[2018-05-08 18:08:46] [INFO] 点击 link text: 管理中心成功
[2018-05-08 18:08:58] [INFO] 属性的值为： link text: 论坛
[2018-05-08 18:08:58] [ERROR] 成功定位到该元素: link text: 论坛
[2018-05-08 18:09:07] [INFO] 属性的值为： link text: 论坛
[2018-05-08 18:09:07] [INFO] 点击 link text: 论坛成功
[2018-05-08 18:09:11] [INFO] 属性的值为： link text: 论坛
[2018-05-08 18:09:11] [ERROR] 没有定位到该元素: link text: 论坛
[2018-05-08 18:09:11] [INFO] driver成功关闭
