[2018-05-08 19:03:17] [INFO] 启动chromedriver
[2018-05-08 19:03:24] [INFO] 获得网址:http://192.168.102.23/upload
[2018-05-08 19:03:25] [INFO] 属性的值为： id: ls_username
[2018-05-08 19:03:25] [ERROR] 成功定位到该元素: id: ls_username
[2018-05-08 19:03:25] [INFO] 输入:admin成功true
[2018-05-08 19:03:25] [INFO] 属性的值为： id: ls_password
[2018-05-08 19:03:25] [ERROR] 成功定位到该元素: id: ls_password
[2018-05-08 19:03:25] [INFO] 输入:admin成功true
[2018-05-08 19:03:25] [INFO] 属性的值为： xpath: /html/body/div[5]/div/div[1]/form/div/div/table/tbody/tr[2]/td[3]/button
[2018-05-08 19:03:25] [ERROR] 成功定位到该元素: xpath: /html/body/div[5]/div/div[1]/form/div/div/table/tbody/tr[2]/td[3]/button
[2018-05-08 19:03:25] [INFO] 属性的值为： xpath: /html/body/div[5]/div/div[1]/form/div/div/table/tbody/tr[2]/td[3]/button
[2018-05-08 19:03:25] [INFO] 点击 xpath: /html/body/div[5]/div/div[1]/form/div/div/table/tbody/tr[2]/td[3]/button成功
[2018-05-08 19:03:32] [INFO] 属性的值为： link text: 管理中心
[2018-05-08 19:03:32] [ERROR] 成功定位到该元素: link text: 管理中心
[2018-05-08 19:03:32] [INFO] 属性的值为： link text: 管理中心
[2018-05-08 19:03:32] [INFO] 点击 link text: 管理中心成功
[2018-05-08 19:03:44] [INFO] 获得当前句柄：CDwindow-5B4356AEC5A00774745D0C00015995E5
[2018-05-08 19:03:44] [INFO] 获得当前句柄：CDwindow-A13F09E3905B95BFD72133F5CC821677
[2018-05-08 19:03:46] [INFO] 属性的值为： link text: 论坛
[2018-05-08 19:03:46] [ERROR] 成功定位到该元素: link text: 论坛
[2018-05-08 19:03:46] [INFO] 属性的值为： link text: 论坛
[2018-05-08 19:03:46] [INFO] 点击 link text: 论坛成功
[2018-05-08 19:03:50] [INFO] 属性的值为： link text: 添加新版块
[2018-05-08 19:03:50] [ERROR] 成功定位到该元素: link text: 添加新版块
[2018-05-08 19:03:50] [INFO] 属性的值为： link text: 添加新版块
[2018-05-08 19:03:50] [INFO] 点击 link text: 添加新版块成功
[2018-05-08 19:03:54] [INFO] 属性的值为： xpath: //*[@id="cpform"]/table/tbody[3]/tr[1]/td[3]/div/input
[2018-05-08 19:03:54] [ERROR] 成功定位到该元素: xpath: //*[@id="cpform"]/table/tbody[3]/tr[1]/td[3]/div/input
[2018-05-08 19:03:54] [INFO] 输入:admin成功true
[2018-05-08 19:03:58] [INFO] 属性的值为： id: submit_editsubmit
[2018-05-08 19:03:58] [ERROR] 成功定位到该元素: id: submit_editsubmit
[2018-05-08 19:03:58] [INFO] 属性的值为： id: submit_editsubmit
[2018-05-08 19:03:58] [INFO] 点击 id: submit_editsubmit成功
[2018-05-08 19:03:58] [INFO] 属性的值为： link text: 退出
[2018-05-08 19:03:58] [ERROR] 成功定位到该元素: link text: 退出
[2018-05-08 19:04:04] [INFO] 属性的值为： link text: 退出
[2018-05-08 19:04:04] [INFO] 点击 link text: 退出成功
[2018-05-08 19:04:04] [INFO] driver成功关闭
