[2018-05-09 20:28:54] [INFO] 启动chromedriver
[2018-05-09 20:29:04] [INFO] 获得网址:http://192.168.102.29/upload
[2018-05-09 20:29:04] [INFO] 开始查找元素：By.id: ls_username
[2018-05-09 20:29:04] [INFO] 找到了元素 [By.id: ls_username]
[2018-05-09 20:29:04] [INFO] 属性的值为： id: ls_username
[2018-05-09 20:29:04] [ERROR] 成功定位到该元素: id: ls_username
[2018-05-09 20:29:04] [INFO] 输入:duanjiangtao成功true
[2018-05-09 20:29:04] [INFO] 开始查找元素：By.id: ls_password
[2018-05-09 20:29:05] [INFO] 找到了元素 [By.id: ls_password]
[2018-05-09 20:29:05] [INFO] 属性的值为： id: ls_password
[2018-05-09 20:29:05] [ERROR] 成功定位到该元素: id: ls_password
[2018-05-09 20:29:05] [INFO] 输入:duanjiangtao成功true
[2018-05-09 20:29:05] [INFO] 开始查找元素：By.xpath: /html/body/div[5]/div/div[1]/form/div/div/table/tbody/tr[2]/td[3]/button
[2018-05-09 20:29:05] [INFO] 找到了元素 [By.xpath: /html/body/div[5]/div/div[1]/form/div/div/table/tbody/tr[2]/td[3]/button]
[2018-05-09 20:29:05] [INFO] 属性的值为： xpath: /html/body/div[5]/div/div[1]/form/div/div/table/tbody/tr[2]/td[3]/button
[2018-05-09 20:29:05] [ERROR] 成功定位到该元素: xpath: /html/body/div[5]/div/div[1]/form/div/div/table/tbody/tr[2]/td[3]/button
[2018-05-09 20:29:05] [INFO] 属性的值为： xpath: /html/body/div[5]/div/div[1]/form/div/div/table/tbody/tr[2]/td[3]/button
[2018-05-09 20:29:05] [INFO] 点击 xpath: /html/body/div[5]/div/div[1]/form/div/div/table/tbody/tr[2]/td[3]/button成功
[2018-05-09 20:29:09] [INFO] 开始查找元素：By.linkText: 默认版块
[2018-05-09 20:29:11] [INFO] 找到了元素 [By.linkText: 默认版块]
[2018-05-09 20:29:11] [INFO] 属性的值为： link text: 默认版块
[2018-05-09 20:29:11] [ERROR] 成功定位到该元素: link text: 默认版块
[2018-05-09 20:29:17] [INFO] 属性的值为： link text: 默认版块
[2018-05-09 20:29:17] [INFO] 点击 link text: 默认版块成功
[2018-05-09 20:29:17] [INFO] 开始查找元素：By.xpath: //*[@id="newspecial"]/img
[2018-05-09 20:29:17] [INFO] 找到了元素 [By.xpath: //*[@id="newspecial"]/img]
[2018-05-09 20:29:17] [INFO] 属性的值为： xpath: //*[@id="newspecial"]/img
[2018-05-09 20:29:17] [ERROR] 成功定位到该元素: xpath: //*[@id="newspecial"]/img
[2018-05-09 20:29:22] [INFO] 属性的值为： xpath: //*[@id="newspecial"]/img
[2018-05-09 20:29:22] [INFO] 点击 xpath: //*[@id="newspecial"]/img成功
[2018-05-09 20:29:22] [INFO] 开始查找元素：By.linkText: 发起投票
[2018-05-09 20:29:22] [INFO] 找到了元素 [By.linkText: 发起投票]
[2018-05-09 20:29:22] [INFO] 属性的值为： link text: 发起投票
[2018-05-09 20:29:22] [ERROR] 成功定位到该元素: link text: 发起投票
[2018-05-09 20:29:27] [INFO] 属性的值为： link text: 发起投票
[2018-05-09 20:29:27] [INFO] 点击 link text: 发起投票成功
[2018-05-09 20:29:27] [INFO] 开始查找元素：By.id: subject
[2018-05-09 20:29:27] [INFO] 找到了元素 [By.id: subject]
[2018-05-09 20:29:27] [INFO] 属性的值为： id: subject
[2018-05-09 20:29:27] [ERROR] 成功定位到该元素: id: subject
[2018-05-09 20:29:28] [INFO] 输入:买一个电视机成功true
[2018-05-09 20:29:28] [INFO] 开始查找元素：By.xpath: //*[@id="pollm_c_1"]/p[1]/input
[2018-05-09 20:29:28] [INFO] 找到了元素 [By.xpath: //*[@id="pollm_c_1"]/p[1]/input]
[2018-05-09 20:29:28] [INFO] 属性的值为： xpath: //*[@id="pollm_c_1"]/p[1]/input
[2018-05-09 20:29:28] [ERROR] 成功定位到该元素: xpath: //*[@id="pollm_c_1"]/p[1]/input
[2018-05-09 20:29:28] [INFO] 输入:买成功true
[2018-05-09 20:29:28] [INFO] 开始查找元素：By.xpath: //*[@id="pollm_c_1"]/p[2]/input
[2018-05-09 20:29:28] [INFO] 找到了元素 [By.xpath: //*[@id="pollm_c_1"]/p[2]/input]
[2018-05-09 20:29:28] [INFO] 属性的值为： xpath: //*[@id="pollm_c_1"]/p[2]/input
[2018-05-09 20:29:28] [ERROR] 成功定位到该元素: xpath: //*[@id="pollm_c_1"]/p[2]/input
[2018-05-09 20:29:28] [INFO] 输入:不买成功true
[2018-05-09 20:29:28] [INFO] 开始查找元素：By.xpath: //*[@id="pollm_c_1"]/p[3]/input
[2018-05-09 20:29:28] [INFO] 找到了元素 [By.xpath: //*[@id="pollm_c_1"]/p[3]/input]
[2018-05-09 20:29:28] [INFO] 属性的值为： xpath: //*[@id="pollm_c_1"]/p[3]/input
[2018-05-09 20:29:28] [ERROR] 成功定位到该元素: xpath: //*[@id="pollm_c_1"]/p[3]/input
[2018-05-09 20:29:28] [INFO] 输入:不发表意见成功true
[2018-05-09 20:29:28] [INFO] 开始查找元素：By.id: postsubmit
[2018-05-09 20:29:28] [INFO] 找到了元素 [By.id: postsubmit]
[2018-05-09 20:29:28] [INFO] 属性的值为： id: postsubmit
[2018-05-09 20:29:28] [ERROR] 成功定位到该元素: id: postsubmit
[2018-05-09 20:29:28] [INFO] 属性的值为： id: postsubmit
[2018-05-09 20:29:28] [INFO] 点击 id: postsubmit成功
[2018-05-09 20:29:28] [INFO] driver成功关闭
