[2018-05-09 20:14:48] [INFO] 启动chromedriver
[2018-05-09 20:14:54] [INFO] 获得网址:http://192.168.102.29/upload
[2018-05-09 20:14:54] [INFO] 开始查找元素：By.id: ls_username
[2018-05-09 20:14:55] [INFO] 找到了元素 [By.id: ls_username]
[2018-05-09 20:14:55] [INFO] 属性的值为： id: ls_username
[2018-05-09 20:14:55] [ERROR] 成功定位到该元素: id: ls_username
[2018-05-09 20:14:55] [INFO] 输入:admin成功true
[2018-05-09 20:14:55] [INFO] 开始查找元素：By.id: ls_password
[2018-05-09 20:14:55] [INFO] 找到了元素 [By.id: ls_password]
[2018-05-09 20:14:55] [INFO] 属性的值为： id: ls_password
[2018-05-09 20:14:55] [ERROR] 成功定位到该元素: id: ls_password
[2018-05-09 20:14:55] [INFO] 输入:admin成功true
[2018-05-09 20:14:55] [INFO] 开始查找元素：By.xpath: /html/body/div[5]/div/div[1]/form/div/div/table/tbody/tr[2]/td[3]/button
[2018-05-09 20:14:55] [INFO] 找到了元素 [By.xpath: /html/body/div[5]/div/div[1]/form/div/div/table/tbody/tr[2]/td[3]/button]
[2018-05-09 20:14:55] [INFO] 属性的值为： xpath: /html/body/div[5]/div/div[1]/form/div/div/table/tbody/tr[2]/td[3]/button
[2018-05-09 20:14:55] [ERROR] 成功定位到该元素: xpath: /html/body/div[5]/div/div[1]/form/div/div/table/tbody/tr[2]/td[3]/button
[2018-05-09 20:14:55] [INFO] 属性的值为： xpath: /html/body/div[5]/div/div[1]/form/div/div/table/tbody/tr[2]/td[3]/button
[2018-05-09 20:14:55] [INFO] 点击 xpath: /html/body/div[5]/div/div[1]/form/div/div/table/tbody/tr[2]/td[3]/button成功
[2018-05-09 20:14:58] [INFO] 开始查找元素：By.linkText: 默认版块
[2018-05-09 20:15:02] [INFO] 找到了元素 [By.linkText: 默认版块]
[2018-05-09 20:15:02] [INFO] 属性的值为： link text: 默认版块
[2018-05-09 20:15:02] [ERROR] 成功定位到该元素: link text: 默认版块
[2018-05-09 20:15:09] [INFO] 属性的值为： link text: 默认版块
[2018-05-09 20:15:09] [INFO] 点击 link text: 默认版块成功
[2018-05-09 20:15:09] [INFO] 开始查找元素：By.xpath: //*[@id="normalthread_25"]/tr/td[2]/input
[2018-05-09 20:15:19] [ERROR] 超时!! 10 秒之后还没找到元素 [By.xpath: //*[@id="normalthread_25"]/tr/td[2]/input]
[2018-05-09 20:15:19] [INFO] driver成功关闭
