[2018-05-08 19:58:28] [INFO] 启动chromedriver
[2018-05-08 19:58:36] [INFO] 获得网址:http://192.168.102.23/upload
[2018-05-08 19:58:39] [INFO] 属性的值为： id: ls_username
[2018-05-08 19:58:39] [ERROR] 成功定位到该元素: id: ls_username
[2018-05-08 19:58:39] [INFO] 输入:admin成功true
[2018-05-08 19:58:39] [INFO] 属性的值为： id: ls_password
[2018-05-08 19:58:39] [ERROR] 成功定位到该元素: id: ls_password
[2018-05-08 19:58:39] [INFO] 输入:admin成功true
[2018-05-08 19:58:39] [INFO] 属性的值为： xpath: /html/body/div[5]/div/div[1]/form/div/div/table/tbody/tr[2]/td[3]/button
[2018-05-08 19:58:39] [ERROR] 成功定位到该元素: xpath: /html/body/div[5]/div/div[1]/form/div/div/table/tbody/tr[2]/td[3]/button
[2018-05-08 19:58:39] [INFO] 属性的值为： xpath: /html/body/div[5]/div/div[1]/form/div/div/table/tbody/tr[2]/td[3]/button
[2018-05-08 19:58:39] [INFO] 点击 xpath: /html/body/div[5]/div/div[1]/form/div/div/table/tbody/tr[2]/td[3]/button成功
[2018-05-08 19:58:46] [INFO] 属性的值为： link text: 默认版块
[2018-05-08 19:58:46] [ERROR] 成功定位到该元素: link text: 默认版块
[2018-05-08 19:58:53] [INFO] 属性的值为： link text: 默认版块
[2018-05-08 19:58:53] [INFO] 点击 link text: 默认版块成功
[2018-05-08 19:58:55] [INFO] 属性的值为： xpath: //*[@id="normalthread_4"]/tr/td[2]/input
[2018-05-08 19:58:55] [ERROR] 成功定位到该元素: xpath: //*[@id="normalthread_4"]/tr/td[2]/input
[2018-05-08 19:58:55] [INFO] 属性的值为： xpath: //*[@id="normalthread_4"]/tr/td[2]/input
[2018-05-08 19:58:55] [INFO] 点击 xpath: //*[@id="normalthread_4"]/tr/td[2]/input成功
[2018-05-08 19:58:57] [INFO] 属性的值为： link text: 删除
[2018-05-08 19:58:57] [ERROR] 成功定位到该元素: link text: 删除
[2018-05-08 19:58:57] [INFO] 属性的值为： link text: 删除
[2018-05-08 19:58:57] [INFO] 点击 link text: 删除成功
[2018-05-08 19:58:59] [INFO] 属性的值为： id: reason
[2018-05-08 19:58:59] [ERROR] 成功定位到该元素: id: reason
[2018-05-08 19:58:59] [INFO] 输入:违法内容成功true
[2018-05-08 19:59:01] [INFO] 属性的值为： name: modsubmit
[2018-05-08 19:59:01] [ERROR] 成功定位到该元素: name: modsubmit
[2018-05-08 19:59:01] [INFO] 属性的值为： name: modsubmit
[2018-05-08 19:59:01] [INFO] 点击 name: modsubmit成功
[2018-05-08 19:59:09] [INFO] 属性的值为： link text: 管理中心
[2018-05-08 19:59:09] [ERROR] 成功定位到该元素: link text: 管理中心
[2018-05-08 19:59:09] [INFO] 属性的值为： link text: 管理中心
[2018-05-08 19:59:09] [INFO] 点击 link text: 管理中心成功
[2018-05-08 19:59:21] [INFO] 获得当前句柄：CDwindow-99BE8DC570333ED9402EA0897593FDD
[2018-05-08 19:59:21] [INFO] 获得当前句柄：CDwindow-FF73CDADDCC90AA22222B13C43149C9D
[2018-05-08 19:59:22] [INFO] 属性的值为： link text: 管理中心
[2018-05-08 19:59:22] [ERROR] 没有定位到该元素: link text: 管理中心
[2018-05-08 19:59:23] [INFO] driver成功关闭
