[2018-05-09 20:45:28] [INFO] 启动chromedriver
[2018-05-09 20:45:38] [INFO] 获得网址:http://192.168.102.29/upload
[2018-05-09 20:45:39] [INFO] 开始查找元素：By.id: ls_username
[2018-05-09 20:45:39] [INFO] 找到了元素 [By.id: ls_username]
[2018-05-09 20:45:39] [INFO] 属性的值为： id: ls_username
[2018-05-09 20:45:39] [ERROR] 成功定位到该元素: id: ls_username
[2018-05-09 20:45:39] [INFO] 输入:duanjiangtao成功true
[2018-05-09 20:45:39] [INFO] 开始查找元素：By.id: ls_password
[2018-05-09 20:45:39] [INFO] 找到了元素 [By.id: ls_password]
[2018-05-09 20:45:39] [INFO] 属性的值为： id: ls_password
[2018-05-09 20:45:39] [ERROR] 成功定位到该元素: id: ls_password
[2018-05-09 20:45:39] [INFO] 输入:duanjiangtao成功true
[2018-05-09 20:45:39] [INFO] 开始查找元素：By.xpath: /html/body/div[5]/div/div[1]/form/div/div/table/tbody/tr[2]/td[3]/button
[2018-05-09 20:45:39] [INFO] 找到了元素 [By.xpath: /html/body/div[5]/div/div[1]/form/div/div/table/tbody/tr[2]/td[3]/button]
[2018-05-09 20:45:39] [INFO] 属性的值为： xpath: /html/body/div[5]/div/div[1]/form/div/div/table/tbody/tr[2]/td[3]/button
[2018-05-09 20:45:39] [ERROR] 成功定位到该元素: xpath: /html/body/div[5]/div/div[1]/form/div/div/table/tbody/tr[2]/td[3]/button
[2018-05-09 20:45:39] [INFO] 属性的值为： xpath: /html/body/div[5]/div/div[1]/form/div/div/table/tbody/tr[2]/td[3]/button
[2018-05-09 20:45:39] [INFO] 点击 xpath: /html/body/div[5]/div/div[1]/form/div/div/table/tbody/tr[2]/td[3]/button成功
[2018-05-09 20:45:42] [INFO] 开始查找元素：By.linkText: 默认版块
[2018-05-09 20:45:46] [INFO] 找到了元素 [By.linkText: 默认版块]
[2018-05-09 20:45:46] [INFO] 属性的值为： link text: 默认版块
[2018-05-09 20:45:46] [ERROR] 成功定位到该元素: link text: 默认版块
[2018-05-09 20:45:51] [INFO] 属性的值为： link text: 默认版块
[2018-05-09 20:45:51] [INFO] 点击 link text: 默认版块成功
[2018-05-09 20:45:51] [INFO] 开始查找元素：By.linkText: 买一个电视机
[2018-05-09 20:45:51] [INFO] 找到了元素 [By.linkText: 买一个电视机]
[2018-05-09 20:45:51] [INFO] 属性的值为： link text: 买一个电视机
[2018-05-09 20:45:51] [ERROR] 成功定位到该元素: link text: 买一个电视机
[2018-05-09 20:45:58] [INFO] 属性的值为： link text: 买一个电视机
[2018-05-09 20:45:58] [INFO] 点击 link text: 买一个电视机成功
[2018-05-09 20:45:58] [INFO] 开始查找元素：By.xpath: //*[@id="option_1"]
[2018-05-09 20:46:08] [ERROR] 超时!! 10 秒之后还没找到元素 [By.xpath: //*[@id="option_1"]]
[2018-05-09 20:46:08] [INFO] driver成功关闭
