[2018-05-10 08:50:10] [INFO] 启动chromedriver
[2018-05-10 08:50:19] [INFO] 获得网址:http://192.168.102.31/upload
[2018-05-10 08:50:19] [INFO] 开始查找元素：By.id: ls_username
[2018-05-10 08:50:20] [INFO] 找到了元素 [By.id: ls_username]
[2018-05-10 08:50:20] [INFO] 属性的值为： id: ls_username
[2018-05-10 08:50:20] [ERROR] 成功定位到该元素: id: ls_username
[2018-05-10 08:50:20] [INFO] 输入:duanjiangtao成功true
[2018-05-10 08:50:20] [INFO] 开始查找元素：By.id: ls_password
[2018-05-10 08:50:20] [INFO] 找到了元素 [By.id: ls_password]
[2018-05-10 08:50:20] [INFO] 属性的值为： id: ls_password
[2018-05-10 08:50:20] [ERROR] 成功定位到该元素: id: ls_password
[2018-05-10 08:50:21] [INFO] 输入:duanjiangtao成功true
[2018-05-10 08:50:21] [INFO] 开始查找元素：By.xpath: /html/body/div[5]/div/div[1]/form/div/div/table/tbody/tr[2]/td[3]/button
[2018-05-10 08:50:21] [INFO] 找到了元素 [By.xpath: /html/body/div[5]/div/div[1]/form/div/div/table/tbody/tr[2]/td[3]/button]
[2018-05-10 08:50:21] [INFO] 属性的值为： xpath: /html/body/div[5]/div/div[1]/form/div/div/table/tbody/tr[2]/td[3]/button
[2018-05-10 08:50:21] [ERROR] 成功定位到该元素: xpath: /html/body/div[5]/div/div[1]/form/div/div/table/tbody/tr[2]/td[3]/button
[2018-05-10 08:50:21] [INFO] 属性的值为： xpath: /html/body/div[5]/div/div[1]/form/div/div/table/tbody/tr[2]/td[3]/button
[2018-05-10 08:50:21] [INFO] 点击 xpath: /html/body/div[5]/div/div[1]/form/div/div/table/tbody/tr[2]/td[3]/button成功
[2018-05-10 08:50:25] [INFO] 开始查找元素：By.xpath: //*[@id="poll"]/div[2]/table/tbody/tr[1]/td[1]/label
[2018-05-10 08:50:36] [ERROR] 超时!! 10 秒之后还没找到元素 [By.xpath: //*[@id="poll"]/div[2]/table/tbody/tr[1]/td[1]/label]
[2018-05-10 08:50:36] [INFO] driver成功关闭
