[2018-05-08 12:09:50] [INFO] 启动chromedriver
[2018-05-08 12:09:58] [INFO] 获得网址:http://192.168.102.23/upload
[2018-05-08 12:09:59] [INFO] 属性的值为： id: ls_username
[2018-05-08 12:09:59] [ERROR] 成功定位到该元素: id: ls_username
[2018-05-08 12:10:00] [INFO] 输入:duanjiangtao成功true
[2018-05-08 12:10:00] [INFO] 属性的值为： id: ls_password
[2018-05-08 12:10:00] [ERROR] 成功定位到该元素: id: ls_password
[2018-05-08 12:10:00] [INFO] 输入:duanjiangtao成功true
[2018-05-08 12:10:00] [INFO] 属性的值为： xpath: /html/body/div[5]/div/div[1]/form/div/div/table/tbody/tr[2]/td[3]/button
[2018-05-08 12:10:00] [ERROR] 成功定位到该元素: xpath: /html/body/div[5]/div/div[1]/form/div/div/table/tbody/tr[2]/td[3]/button
[2018-05-08 12:10:00] [INFO] 属性的值为： xpath: /html/body/div[5]/div/div[1]/form/div/div/table/tbody/tr[2]/td[3]/button
[2018-05-08 12:10:00] [INFO] 点击 xpath: /html/body/div[5]/div/div[1]/form/div/div/table/tbody/tr[2]/td[3]/button成功
[2018-05-08 12:10:30] [INFO] 属性的值为： link text: 默认版块
[2018-05-08 12:10:30] [ERROR] 成功定位到该元素: link text: 默认版块
[2018-05-08 12:10:36] [INFO] 属性的值为： link text: 默认版块
[2018-05-08 12:10:36] [INFO] 点击 link text: 默认版块成功
[2018-05-08 12:10:36] [INFO] 属性的值为： link text: 再见，过去
[2018-05-08 12:10:36] [ERROR] 成功定位到该元素: link text: 再见，过去
[2018-05-08 12:10:41] [INFO] 属性的值为： link text: 再见，过去
[2018-05-08 12:10:41] [INFO] 点击 link text: 再见，过去成功
[2018-05-08 12:10:41] [INFO] 属性的值为： xpath: //*[@id="fastpostmessage"]
[2018-05-08 12:10:41] [ERROR] 成功定位到该元素: xpath: //*[@id="fastpostmessage"]
[2018-05-08 12:10:41] [INFO] 输入:对，向往美好的未来成功true
[2018-05-08 12:10:41] [INFO] 属性的值为： id: fastpostsubmit
[2018-05-08 12:10:41] [ERROR] 成功定位到该元素: id: fastpostsubmit
[2018-05-08 12:10:42] [INFO] 属性的值为： id: fastpostsubmit
[2018-05-08 12:10:42] [INFO] 点击 id: fastpostsubmit成功
[2018-05-08 12:10:42] [INFO] driver成功关闭
