[2018-05-09 19:32:42] [INFO] 启动chromedriver
[2018-05-09 19:32:50] [INFO] 获得网址:http://192.168.102.29/upload
[2018-05-09 19:32:53] [INFO] 属性的值为： id: ls_username
[2018-05-09 19:32:53] [ERROR] 成功定位到该元素: id: ls_username
[2018-05-09 19:32:53] [INFO] 输入:admin成功true
[2018-05-09 19:32:53] [INFO] 属性的值为： id: ls_password
[2018-05-09 19:32:53] [ERROR] 成功定位到该元素: id: ls_password
[2018-05-09 19:32:53] [INFO] 输入:admin成功true
[2018-05-09 19:32:53] [INFO] 属性的值为： xpath: /html/body/div[5]/div/div[1]/form/div/div/table/tbody/tr[2]/td[3]/button
[2018-05-09 19:32:53] [ERROR] 成功定位到该元素: xpath: /html/body/div[5]/div/div[1]/form/div/div/table/tbody/tr[2]/td[3]/button
[2018-05-09 19:32:53] [INFO] 属性的值为： xpath: /html/body/div[5]/div/div[1]/form/div/div/table/tbody/tr[2]/td[3]/button
[2018-05-09 19:32:53] [INFO] 点击 xpath: /html/body/div[5]/div/div[1]/form/div/div/table/tbody/tr[2]/td[3]/button成功
[2018-05-09 19:33:00] [INFO] 属性的值为： link text: 默认版块
[2018-05-09 19:33:00] [ERROR] 成功定位到该元素: link text: 默认版块
[2018-05-09 19:33:06] [INFO] 属性的值为： link text: 默认版块
[2018-05-09 19:33:06] [INFO] 点击 link text: 默认版块成功
[2018-05-09 19:33:08] [INFO] 属性的值为： xpath: //*[@id="normalthread_25"]/tr/td[2]/input
[2018-05-09 19:33:08] [ERROR] 成功定位到该元素: xpath: //*[@id="normalthread_25"]/tr/td[2]/input
[2018-05-09 19:33:08] [INFO] 属性的值为： xpath: //*[@id="normalthread_25"]/tr/td[2]/input
[2018-05-09 19:33:08] [INFO] 点击 xpath: //*[@id="normalthread_25"]/tr/td[2]/input成功
[2018-05-09 19:33:11] [INFO] 属性的值为： link text: 删除
[2018-05-09 19:33:11] [ERROR] 成功定位到该元素: link text: 删除
[2018-05-09 19:33:11] [INFO] 属性的值为： link text: 删除
[2018-05-09 19:33:11] [INFO] 点击 link text: 删除成功
[2018-05-09 19:33:13] [INFO] 属性的值为： id: reason
[2018-05-09 19:33:13] [ERROR] 成功定位到该元素: id: reason
[2018-05-09 19:33:13] [INFO] 输入:违法内容成功true
[2018-05-09 19:33:15] [INFO] 属性的值为： name: modsubmit
[2018-05-09 19:33:15] [ERROR] 成功定位到该元素: name: modsubmit
[2018-05-09 19:33:15] [INFO] 属性的值为： name: modsubmit
[2018-05-09 19:33:15] [INFO] 点击 name: modsubmit成功
[2018-05-09 19:33:23] [INFO] 属性的值为： link text: 管理中心
[2018-05-09 19:33:23] [ERROR] 成功定位到该元素: link text: 管理中心
[2018-05-09 19:33:23] [INFO] 属性的值为： link text: 管理中心
[2018-05-09 19:33:23] [INFO] 点击 link text: 管理中心成功
[2018-05-09 19:33:35] [INFO] 获得当前句柄：CDwindow-AEB7772DC9A9BC3BFFDE94E8AF5F946E
[2018-05-09 19:33:35] [INFO] 获得当前句柄：CDwindow-5AA47FBCC979D987DCBF8A392B2D91C5
[2018-05-09 19:33:37] [INFO] 属性的值为： link text: 管理中心
[2018-05-09 19:33:37] [ERROR] 没有定位到该元素: link text: 管理中心
[2018-05-09 19:33:37] [INFO] driver成功关闭
