[2018-05-09 19:36:47] [INFO] 启动chromedriver
[2018-05-09 19:36:53] [INFO] 获得网址:http://192.168.102.29/upload
[2018-05-09 19:36:56] [INFO] 属性的值为： id: ls_username
[2018-05-09 19:36:56] [ERROR] 成功定位到该元素: id: ls_username
[2018-05-09 19:36:56] [INFO] 输入:admin成功true
[2018-05-09 19:36:56] [INFO] 属性的值为： id: ls_password
[2018-05-09 19:36:56] [ERROR] 成功定位到该元素: id: ls_password
[2018-05-09 19:36:56] [INFO] 输入:admin成功true
[2018-05-09 19:36:56] [INFO] 属性的值为： xpath: /html/body/div[5]/div/div[1]/form/div/div/table/tbody/tr[2]/td[3]/button
[2018-05-09 19:36:56] [ERROR] 成功定位到该元素: xpath: /html/body/div[5]/div/div[1]/form/div/div/table/tbody/tr[2]/td[3]/button
[2018-05-09 19:36:56] [INFO] 属性的值为： xpath: /html/body/div[5]/div/div[1]/form/div/div/table/tbody/tr[2]/td[3]/button
[2018-05-09 19:36:56] [INFO] 点击 xpath: /html/body/div[5]/div/div[1]/form/div/div/table/tbody/tr[2]/td[3]/button成功
[2018-05-09 19:37:04] [INFO] 属性的值为： link text: 默认版块
[2018-05-09 19:37:04] [ERROR] 成功定位到该元素: link text: 默认版块
[2018-05-09 19:37:10] [INFO] 属性的值为： link text: 默认版块
[2018-05-09 19:37:10] [INFO] 点击 link text: 默认版块成功
[2018-05-09 19:37:12] [INFO] 属性的值为： xpath: //*[@id="normalthread_22"]/tr/td[2]/input
[2018-05-09 19:37:12] [ERROR] 成功定位到该元素: xpath: //*[@id="normalthread_22"]/tr/td[2]/input
[2018-05-09 19:37:12] [INFO] 属性的值为： xpath: //*[@id="normalthread_22"]/tr/td[2]/input
[2018-05-09 19:37:12] [INFO] 点击 xpath: //*[@id="normalthread_22"]/tr/td[2]/input成功
[2018-05-09 19:37:14] [INFO] 属性的值为： link text: 删除
[2018-05-09 19:37:14] [ERROR] 成功定位到该元素: link text: 删除
[2018-05-09 19:37:14] [INFO] 属性的值为： link text: 删除
[2018-05-09 19:37:14] [INFO] 点击 link text: 删除成功
[2018-05-09 19:37:16] [INFO] 属性的值为： id: reason
[2018-05-09 19:37:16] [ERROR] 成功定位到该元素: id: reason
[2018-05-09 19:37:17] [INFO] 输入:违法内容成功true
[2018-05-09 19:37:19] [INFO] 属性的值为： name: modsubmit
[2018-05-09 19:37:19] [ERROR] 成功定位到该元素: name: modsubmit
[2018-05-09 19:37:19] [INFO] 属性的值为： name: modsubmit
[2018-05-09 19:37:19] [INFO] 点击 name: modsubmit成功
[2018-05-09 19:37:26] [INFO] 属性的值为： link text: 管理中心
[2018-05-09 19:37:26] [ERROR] 成功定位到该元素: link text: 管理中心
[2018-05-09 19:37:26] [INFO] 属性的值为： link text: 管理中心
[2018-05-09 19:37:26] [INFO] 点击 link text: 管理中心成功
[2018-05-09 19:37:38] [INFO] 获得当前句柄：CDwindow-5F99B047E6F1A0F95E1FA3784A53B812
[2018-05-09 19:37:38] [INFO] 获得当前句柄：CDwindow-A9B96FAAF6D22EA1C76745E52646431E
[2018-05-09 19:37:39] [INFO] 属性的值为： link text: 管理中心
[2018-05-09 19:37:39] [ERROR] 没有定位到该元素: link text: 管理中心
[2018-05-09 19:37:39] [INFO] driver成功关闭
