[2018-05-08 10:56:36] [INFO] 启动chromedriver
[2018-05-08 10:56:43] [INFO] 获得网址http://192.168.102.23/upload
[2018-05-08 10:56:43] [INFO] 属性的值为： id: ls_username
[2018-05-08 10:56:43] [ERROR] 成功定位到该元素 id: ls_username
[2018-05-08 10:56:43] [INFO] 输入duanjiangtao成功
[2018-05-08 10:56:43] [INFO] 属性的值为： id: ls_password
[2018-05-08 10:56:43] [ERROR] 成功定位到该元素 id: ls_password
[2018-05-08 10:56:43] [INFO] 输入duanjiangtao成功
[2018-05-08 10:56:43] [INFO] 属性的值为： xpath: /html/body/div[5]/div/div[1]/form/div/div/table/tbody/tr[2]/td[3]/button
[2018-05-08 10:56:43] [ERROR] 成功定位到该元素 xpath: /html/body/div[5]/div/div[1]/form/div/div/table/tbody/tr[2]/td[3]/button
[2018-05-08 10:56:43] [INFO] 属性的值为： xpath: /html/body/div[5]/div/div[1]/form/div/div/table/tbody/tr[2]/td[3]/button
[2018-05-08 10:56:43] [INFO] 点击 xpath: /html/body/div[5]/div/div[1]/form/div/div/table/tbody/tr[2]/td[3]/button成功
[2018-05-08 10:56:43] [INFO] 属性的值为： link text: 默认版块
[2018-05-08 10:56:43] [ERROR] 成功定位到该元素 link text: 默认版块
[2018-05-08 10:56:48] [INFO] 属性的值为： link text: 默认版块
[2018-05-08 10:56:48] [INFO] 点击 link text: 默认版块成功
[2018-05-08 10:56:48] [INFO] 属性的值为： id: subject
[2018-05-08 10:56:48] [ERROR] 成功定位到该元素 id: subject
[2018-05-08 10:56:49] [INFO] 输入再见，过去成功
[2018-05-08 10:56:49] [INFO] 属性的值为： id: subject
[2018-05-08 10:56:49] [ERROR] 没有定位到该元素 id: subject
[2018-05-08 10:56:50] [INFO] driver成功关闭
