[2018-05-09 17:52:25] [INFO] 启动chromedriver
[2018-05-09 17:52:31] [INFO] 获得网址:http://192.168.102.29/upload
[2018-05-09 17:52:31] [INFO] 属性的值为： id: ls_username
[2018-05-09 17:52:31] [ERROR] 成功定位到该元素: id: ls_username
[2018-05-09 17:52:31] [INFO] 输入:duanjiangtao成功true
[2018-05-09 17:52:31] [INFO] 属性的值为： id: ls_password
[2018-05-09 17:52:31] [ERROR] 成功定位到该元素: id: ls_password
[2018-05-09 17:52:31] [INFO] 输入:duanjiangtao成功true
[2018-05-09 17:52:31] [INFO] 属性的值为： xpath: /html/body/div[5]/div/div[1]/form/div/div/table/tbody/tr[2]/td[3]/button
[2018-05-09 17:52:31] [ERROR] 成功定位到该元素: xpath: /html/body/div[5]/div/div[1]/form/div/div/table/tbody/tr[2]/td[3]/button
[2018-05-09 17:52:31] [INFO] 属性的值为： xpath: /html/body/div[5]/div/div[1]/form/div/div/table/tbody/tr[2]/td[3]/button
[2018-05-09 17:52:31] [INFO] 点击 xpath: /html/body/div[5]/div/div[1]/form/div/div/table/tbody/tr[2]/td[3]/button成功
[2018-05-09 17:52:38] [INFO] 属性的值为： link text: 默认版块
[2018-05-09 17:52:38] [ERROR] 成功定位到该元素: link text: 默认版块
[2018-05-09 17:52:44] [INFO] 属性的值为： link text: 默认版块
[2018-05-09 17:52:44] [INFO] 点击 link text: 默认版块成功
[2018-05-09 17:52:44] [INFO] 属性的值为： id: subject
[2018-05-09 17:52:44] [ERROR] 成功定位到该元素: id: subject
[2018-05-09 17:52:44] [INFO] 输入:hello,成功true
[2018-05-09 17:52:44] [INFO] 属性的值为： xpath: //*[@id="fastpostmessage"]
[2018-05-09 17:52:44] [ERROR] 成功定位到该元素: xpath: //*[@id="fastpostmessage"]
[2018-05-09 17:52:44] [INFO] 输入:好好待我成功true
[2018-05-09 17:52:44] [INFO] 属性的值为： id: fastpostsubmit
[2018-05-09 17:52:44] [ERROR] 成功定位到该元素: id: fastpostsubmit
[2018-05-09 17:52:44] [INFO] 属性的值为： id: fastpostsubmit
[2018-05-09 17:52:44] [INFO] 点击 id: fastpostsubmit成功
[2018-05-09 17:52:52] [INFO] 属性的值为： xpath: //*[@id="fastpostmessage"]
[2018-05-09 17:52:52] [ERROR] 成功定位到该元素: xpath: //*[@id="fastpostmessage"]
[2018-05-09 17:52:52] [INFO] 输入:我会的好好地成功true
[2018-05-09 17:52:54] [INFO] 属性的值为： name: replysubmit
[2018-05-09 17:52:54] [ERROR] 成功定位到该元素: name: replysubmit
[2018-05-09 17:52:54] [INFO] 属性的值为： name: replysubmit
[2018-05-09 17:52:54] [INFO] 点击 name: replysubmit成功
[2018-05-09 17:52:54] [INFO] driver成功关闭
