[2018-05-09 09:16:57] [INFO] 启动chromedriver
[2018-05-09 09:17:08] [INFO] 获得网址:http://192.168.102.29/upload
[2018-05-09 09:17:08] [INFO] 属性的值为： id: ls_username
[2018-05-09 09:17:08] [ERROR] 成功定位到该元素: id: ls_username
[2018-05-09 09:17:08] [INFO] 输入:duanjiangtao成功true
[2018-05-09 09:17:08] [INFO] 属性的值为： id: ls_password
[2018-05-09 09:17:08] [ERROR] 成功定位到该元素: id: ls_password
[2018-05-09 09:17:08] [INFO] 输入:duanjiangtao成功true
[2018-05-09 09:17:08] [INFO] 属性的值为： xpath: /html/body/div[5]/div/div[1]/form/div/div/table/tbody/tr[2]/td[3]/button
[2018-05-09 09:17:08] [ERROR] 成功定位到该元素: xpath: /html/body/div[5]/div/div[1]/form/div/div/table/tbody/tr[2]/td[3]/button
[2018-05-09 09:17:08] [INFO] 属性的值为： xpath: /html/body/div[5]/div/div[1]/form/div/div/table/tbody/tr[2]/td[3]/button
[2018-05-09 09:17:08] [INFO] 点击 xpath: /html/body/div[5]/div/div[1]/form/div/div/table/tbody/tr[2]/td[3]/button成功
[2018-05-09 09:17:16] [INFO] 属性的值为： id: scbar_txt
[2018-05-09 09:17:16] [ERROR] 成功定位到该元素: id: scbar_txt
[2018-05-09 09:17:16] [INFO] 输入:haoTest成功true
[2018-05-09 09:17:16] [INFO] 属性的值为： id: scbar_btn
[2018-05-09 09:17:16] [ERROR] 成功定位到该元素: id: scbar_btn
[2018-05-09 09:17:16] [INFO] 属性的值为： id: scbar_btn
[2018-05-09 09:17:16] [INFO] 点击 id: scbar_btn成功
[2018-05-09 09:17:19] [INFO] 获得当前句柄：CDwindow-DDBA13FBB3509AC0DAB50DA837614A38
[2018-05-09 09:17:19] [INFO] 获得当前句柄：CDwindow-C94C7DE4108AD4DD645FABDE5D151B49
[2018-05-09 09:17:20] [INFO] 属性的值为： xpath: //*[@id="19"]/h3/a/strong/font
[2018-05-09 09:17:20] [ERROR] 成功定位到该元素: xpath: //*[@id="19"]/h3/a/strong/font
[2018-05-09 09:17:20] [INFO] 属性的值为： xpath: //*[@id="19"]/h3/a/strong/font
[2018-05-09 09:17:20] [INFO] 点击 xpath: //*[@id="19"]/h3/a/strong/font成功
[2018-05-09 09:17:20] [INFO] 获得当前句柄：CDwindow-DDBA13FBB3509AC0DAB50DA837614A38
[2018-05-09 09:17:20] [INFO] 获得当前句柄：CDwindow-C94C7DE4108AD4DD645FABDE5D151B49
[2018-05-09 09:17:20] [INFO] 获得当前句柄：CDwindow-F71C502C5AF01DA620E0BFD1CC8144C2
[2018-05-09 09:17:27] [INFO] 属性的值为： id: thread_subject
[2018-05-09 09:17:27] [ERROR] 成功定位到该元素: id: thread_subject
[2018-05-09 09:17:27] [INFO] 获取到的内容为：haoTest
[2018-05-09 09:17:28] [INFO] 属性的值为： link text: 退出
[2018-05-09 09:17:28] [ERROR] 成功定位到该元素: link text: 退出
[2018-05-09 09:17:36] [INFO] 属性的值为： link text: 退出
[2018-05-09 09:17:36] [INFO] 点击 link text: 退出成功
[2018-05-09 09:17:36] [INFO] driver成功关闭
