[2018-05-10 09:09:06] [INFO] 启动chromedriver
[2018-05-10 09:09:12] [INFO] 获得网址:http://192.168.102.31/upload
[2018-05-10 09:09:12] [INFO] 开始查找元素：By.id: ls_username
[2018-05-10 09:09:12] [INFO] 找到了元素 [By.id: ls_username]
[2018-05-10 09:09:12] [INFO] 属性的值为： id: ls_username
[2018-05-10 09:09:12] [ERROR] 成功定位到该元素: id: ls_username
[2018-05-10 09:09:13] [INFO] 输入:duanjiangtao成功true
[2018-05-10 09:09:13] [INFO] 开始查找元素：By.id: ls_password
[2018-05-10 09:09:13] [INFO] 找到了元素 [By.id: ls_password]
[2018-05-10 09:09:13] [INFO] 属性的值为： id: ls_password
[2018-05-10 09:09:13] [ERROR] 成功定位到该元素: id: ls_password
[2018-05-10 09:09:13] [INFO] 输入:duanjiangtao成功true
[2018-05-10 09:09:13] [INFO] 开始查找元素：By.xpath: /html/body/div[5]/div/div[1]/form/div/div/table/tbody/tr[2]/td[3]/button
[2018-05-10 09:09:13] [INFO] 找到了元素 [By.xpath: /html/body/div[5]/div/div[1]/form/div/div/table/tbody/tr[2]/td[3]/button]
[2018-05-10 09:09:13] [INFO] 属性的值为： xpath: /html/body/div[5]/div/div[1]/form/div/div/table/tbody/tr[2]/td[3]/button
[2018-05-10 09:09:13] [ERROR] 成功定位到该元素: xpath: /html/body/div[5]/div/div[1]/form/div/div/table/tbody/tr[2]/td[3]/button
[2018-05-10 09:09:13] [INFO] 属性的值为： xpath: /html/body/div[5]/div/div[1]/form/div/div/table/tbody/tr[2]/td[3]/button
[2018-05-10 09:09:13] [INFO] 点击 xpath: /html/body/div[5]/div/div[1]/form/div/div/table/tbody/tr[2]/td[3]/button成功
[2018-05-10 09:09:17] [INFO] 开始查找元素：By.linkText: 默认版块
[2018-05-10 09:09:20] [INFO] 找到了元素 [By.linkText: 默认版块]
[2018-05-10 09:09:20] [INFO] 属性的值为： link text: 默认版块
[2018-05-10 09:09:20] [ERROR] 成功定位到该元素: link text: 默认版块
[2018-05-10 09:09:25] [INFO] 属性的值为： link text: 默认版块
[2018-05-10 09:09:25] [INFO] 点击 link text: 默认版块成功
[2018-05-10 09:09:25] [INFO] 开始查找元素：By.linkText: 买一个电视机
[2018-05-10 09:09:25] [INFO] 找到了元素 [By.linkText: 买一个电视机]
[2018-05-10 09:09:25] [INFO] 属性的值为： link text: 买一个电视机
[2018-05-10 09:09:25] [ERROR] 成功定位到该元素: link text: 买一个电视机
[2018-05-10 09:09:31] [INFO] 属性的值为： link text: 买一个电视机
[2018-05-10 09:09:31] [INFO] 点击 link text: 买一个电视机成功
[2018-05-10 09:09:31] [INFO] 开始查找元素：By.xpath: //*[@id="poll"]/div[2]/table/tbody/tr[1]/td[1]/label
[2018-05-10 09:09:32] [INFO] 找到了元素 [By.xpath: //*[@id="poll"]/div[2]/table/tbody/tr[1]/td[1]/label]
[2018-05-10 09:09:32] [INFO] 属性的值为： xpath: //*[@id="poll"]/div[2]/table/tbody/tr[1]/td[1]/label
[2018-05-10 09:09:32] [ERROR] 成功定位到该元素: xpath: //*[@id="poll"]/div[2]/table/tbody/tr[1]/td[1]/label
[2018-05-10 09:09:32] [INFO] 获取到的内容为：1.  买
[2018-05-10 09:09:32] [INFO] 开始查找元素：By.xpath: //*[@id="poll"]/div[2]/table/tbody/tr[2]/td[2]
[2018-05-10 09:09:32] [INFO] 找到了元素 [By.xpath: //*[@id="poll"]/div[2]/table/tbody/tr[2]/td[2]]
[2018-05-10 09:09:32] [INFO] 属性的值为： xpath: //*[@id="poll"]/div[2]/table/tbody/tr[2]/td[2]
[2018-05-10 09:09:32] [ERROR] 成功定位到该元素: xpath: //*[@id="poll"]/div[2]/table/tbody/tr[2]/td[2]
[2018-05-10 09:09:32] [INFO] 获取到的内容为：100.00% (1)
[2018-05-10 09:09:32] [INFO] 开始查找元素：By.xpath: //*[@id="poll"]/div[2]/table/tbody/tr[3]/td[1]/label
[2018-05-10 09:09:32] [INFO] 找到了元素 [By.xpath: //*[@id="poll"]/div[2]/table/tbody/tr[3]/td[1]/label]
[2018-05-10 09:09:32] [INFO] 属性的值为： xpath: //*[@id="poll"]/div[2]/table/tbody/tr[3]/td[1]/label
[2018-05-10 09:09:32] [ERROR] 成功定位到该元素: xpath: //*[@id="poll"]/div[2]/table/tbody/tr[3]/td[1]/label
[2018-05-10 09:09:32] [INFO] 获取到的内容为：2.  不买
[2018-05-10 09:09:32] [INFO] 开始查找元素：By.xpath: //*[@id="poll"]/div[2]/table/tbody/tr[4]/td[2]
[2018-05-10 09:09:32] [INFO] 找到了元素 [By.xpath: //*[@id="poll"]/div[2]/table/tbody/tr[4]/td[2]]
[2018-05-10 09:09:32] [INFO] 属性的值为： xpath: //*[@id="poll"]/div[2]/table/tbody/tr[4]/td[2]
[2018-05-10 09:09:32] [ERROR] 成功定位到该元素: xpath: //*[@id="poll"]/div[2]/table/tbody/tr[4]/td[2]
[2018-05-10 09:09:32] [INFO] 获取到的内容为：0.00% (0)
[2018-05-10 09:09:32] [INFO] 开始查找元素：By.xpath: //*[@id="poll"]/div[2]/table/tbody/tr[3]/td[1]/label
[2018-05-10 09:09:32] [INFO] 找到了元素 [By.xpath: //*[@id="poll"]/div[2]/table/tbody/tr[3]/td[1]/label]
[2018-05-10 09:09:32] [INFO] 属性的值为： xpath: //*[@id="poll"]/div[2]/table/tbody/tr[3]/td[1]/label
[2018-05-10 09:09:32] [ERROR] 成功定位到该元素: xpath: //*[@id="poll"]/div[2]/table/tbody/tr[3]/td[1]/label
[2018-05-10 09:09:32] [INFO] 获取到的内容为：2.  不买
[2018-05-10 09:09:32] [INFO] 开始查找元素：By.xpath: //*[@id="poll"]/div[2]/table/tbody/tr[4]/td[2]
[2018-05-10 09:09:32] [INFO] 找到了元素 [By.xpath: //*[@id="poll"]/div[2]/table/tbody/tr[4]/td[2]]
[2018-05-10 09:09:32] [INFO] 属性的值为： xpath: //*[@id="poll"]/div[2]/table/tbody/tr[4]/td[2]
[2018-05-10 09:09:32] [ERROR] 成功定位到该元素: xpath: //*[@id="poll"]/div[2]/table/tbody/tr[4]/td[2]
[2018-05-10 09:09:32] [INFO] 获取到的内容为：0.00% (0)
[2018-05-10 09:09:32] [INFO] 开始查找元素：By.xpath:   public static final By GET_NO_TITLE=By.xpath("//*[@id="poll"]/div[2]/table/tbody/t
[2018-05-10 09:09:42] [ERROR] 超时!! 10 秒之后还没找到元素 [By.xpath:   public static final By GET_NO_TITLE=By.xpath("//*[@id="poll"]/div[2]/table/tbody/t]
[2018-05-10 09:09:42] [INFO] driver成功关闭
