[2018-05-09 20:47:37] [INFO] 启动chromedriver
[2018-05-09 20:47:44] [INFO] 获得网址:http://192.168.102.29/upload
[2018-05-09 20:47:44] [INFO] 开始查找元素：By.id: ls_username
[2018-05-09 20:47:44] [INFO] 找到了元素 [By.id: ls_username]
[2018-05-09 20:47:44] [INFO] 属性的值为： id: ls_username
[2018-05-09 20:47:44] [ERROR] 成功定位到该元素: id: ls_username
[2018-05-09 20:47:44] [INFO] 输入:duanjiangtao成功true
[2018-05-09 20:47:44] [INFO] 开始查找元素：By.id: ls_password
[2018-05-09 20:47:44] [INFO] 找到了元素 [By.id: ls_password]
[2018-05-09 20:47:44] [INFO] 属性的值为： id: ls_password
[2018-05-09 20:47:44] [ERROR] 成功定位到该元素: id: ls_password
[2018-05-09 20:47:44] [INFO] 输入:duanjiangtao成功true
[2018-05-09 20:47:44] [INFO] 开始查找元素：By.xpath: /html/body/div[5]/div/div[1]/form/div/div/table/tbody/tr[2]/td[3]/button
[2018-05-09 20:47:44] [INFO] 找到了元素 [By.xpath: /html/body/div[5]/div/div[1]/form/div/div/table/tbody/tr[2]/td[3]/button]
[2018-05-09 20:47:44] [INFO] 属性的值为： xpath: /html/body/div[5]/div/div[1]/form/div/div/table/tbody/tr[2]/td[3]/button
[2018-05-09 20:47:44] [ERROR] 成功定位到该元素: xpath: /html/body/div[5]/div/div[1]/form/div/div/table/tbody/tr[2]/td[3]/button
[2018-05-09 20:47:44] [INFO] 属性的值为： xpath: /html/body/div[5]/div/div[1]/form/div/div/table/tbody/tr[2]/td[3]/button
[2018-05-09 20:47:44] [INFO] 点击 xpath: /html/body/div[5]/div/div[1]/form/div/div/table/tbody/tr[2]/td[3]/button成功
[2018-05-09 20:47:47] [INFO] 开始查找元素：By.linkText: 默认版块
[2018-05-09 20:47:51] [INFO] 找到了元素 [By.linkText: 默认版块]
[2018-05-09 20:47:51] [INFO] 属性的值为： link text: 默认版块
[2018-05-09 20:47:51] [ERROR] 成功定位到该元素: link text: 默认版块
[2018-05-09 20:47:56] [INFO] 属性的值为： link text: 默认版块
[2018-05-09 20:47:56] [INFO] 点击 link text: 默认版块成功
[2018-05-09 20:47:56] [INFO] 开始查找元素：By.linkText: 买一个电视机
[2018-05-09 20:47:56] [INFO] 找到了元素 [By.linkText: 买一个电视机]
[2018-05-09 20:47:56] [INFO] 属性的值为： link text: 买一个电视机
[2018-05-09 20:47:56] [ERROR] 成功定位到该元素: link text: 买一个电视机
[2018-05-09 20:48:03] [INFO] 属性的值为： link text: 买一个电视机
[2018-05-09 20:48:03] [INFO] 点击 link text: 买一个电视机成功
[2018-05-09 20:48:03] [INFO] 开始查找元素：By.xpath: //*[@id="option_1"]
[2018-05-09 20:48:03] [INFO] 找到了元素 [By.xpath: //*[@id="option_1"]]
[2018-05-09 20:48:03] [INFO] 属性的值为： xpath: //*[@id="option_1"]
[2018-05-09 20:48:03] [ERROR] 成功定位到该元素: xpath: //*[@id="option_1"]
[2018-05-09 20:48:03] [INFO] 属性的值为： xpath: //*[@id="option_1"]
[2018-05-09 20:48:03] [INFO] 点击 xpath: //*[@id="option_1"]成功
[2018-05-09 20:48:03] [INFO] 开始查找元素：By.name: pollsubmit
[2018-05-09 20:48:03] [INFO] 找到了元素 [By.name: pollsubmit]
[2018-05-09 20:48:03] [INFO] 属性的值为： name: pollsubmit
[2018-05-09 20:48:03] [ERROR] 成功定位到该元素: name: pollsubmit
[2018-05-09 20:48:03] [INFO] 属性的值为： name: pollsubmit
[2018-05-09 20:48:03] [INFO] 点击 name: pollsubmit成功
[2018-05-09 20:48:03] [INFO] driver成功关闭
