[2018-05-08 18:43:11] [INFO] 启动chromedriver
[2018-05-08 18:43:18] [INFO] 获得网址:http://192.168.102.23/upload
[2018-05-08 18:43:18] [INFO] 属性的值为： id: ls_username
[2018-05-08 18:43:18] [ERROR] 成功定位到该元素: id: ls_username
[2018-05-08 18:43:18] [INFO] 输入:admin成功true
[2018-05-08 18:43:18] [INFO] 属性的值为： id: ls_password
[2018-05-08 18:43:18] [ERROR] 成功定位到该元素: id: ls_password
[2018-05-08 18:43:19] [INFO] 输入:admin成功true
[2018-05-08 18:43:19] [INFO] 属性的值为： xpath: /html/body/div[5]/div/div[1]/form/div/div/table/tbody/tr[2]/td[3]/button
[2018-05-08 18:43:19] [ERROR] 成功定位到该元素: xpath: /html/body/div[5]/div/div[1]/form/div/div/table/tbody/tr[2]/td[3]/button
[2018-05-08 18:43:19] [INFO] 属性的值为： xpath: /html/body/div[5]/div/div[1]/form/div/div/table/tbody/tr[2]/td[3]/button
[2018-05-08 18:43:19] [INFO] 点击 xpath: /html/body/div[5]/div/div[1]/form/div/div/table/tbody/tr[2]/td[3]/button成功
[2018-05-08 18:43:26] [INFO] 属性的值为： link text: 管理中心
[2018-05-08 18:43:26] [ERROR] 成功定位到该元素: link text: 管理中心
[2018-05-08 18:43:26] [INFO] 属性的值为： link text: 管理中心
[2018-05-08 18:43:26] [INFO] 点击 link text: 管理中心成功
[2018-05-08 18:43:38] [INFO] 获得当前句柄：CDwindow-9E05DFEBA6D98E94154F44B87024039
[2018-05-08 18:43:38] [INFO] 获得当前句柄：CDwindow-DB9F03EB410B1E0C2889B07AC38D6C40
[2018-05-08 18:43:39] [INFO] 属性的值为： link text: 论坛
[2018-05-08 18:43:39] [ERROR] 成功定位到该元素: link text: 论坛
[2018-05-08 18:43:39] [INFO] 属性的值为： link text: 论坛
[2018-05-08 18:43:39] [INFO] 点击 link text: 论坛成功
[2018-05-08 18:43:43] [INFO] 属性的值为： link text: 添加新版块
[2018-05-08 18:43:43] [ERROR] 成功定位到该元素: link text: 添加新版块
[2018-05-08 18:43:43] [INFO] 属性的值为： link text: 添加新版块
[2018-05-08 18:43:43] [INFO] 点击 link text: 添加新版块成功
[2018-05-08 18:43:47] [INFO] 属性的值为： xpath: //*[@id="cpform"]/table/tbody[3]/tr[1]/td[3]/div/input
[2018-05-08 18:43:47] [ERROR] 成功定位到该元素: xpath: //*[@id="cpform"]/table/tbody[3]/tr[1]/td[3]/div/input
[2018-05-08 18:43:48] [INFO] 输入:admin成功true
[2018-05-08 18:43:52] [INFO] 属性的值为： id: submit_editsubmit
[2018-05-08 18:43:52] [ERROR] 成功定位到该元素: id: submit_editsubmit
[2018-05-08 18:43:52] [INFO] 属性的值为： id: submit_editsubmit
[2018-05-08 18:43:52] [INFO] 点击 id: submit_editsubmit成功
[2018-05-08 18:43:52] [INFO] driver成功关闭
