[2018-05-08 18:14:30] [INFO] 启动chromedriver
[2018-05-08 18:14:35] [INFO] 获得网址:http://192.168.102.23/upload
[2018-05-08 18:14:35] [INFO] 属性的值为： id: ls_username
[2018-05-08 18:14:35] [ERROR] 成功定位到该元素: id: ls_username
[2018-05-08 18:14:35] [INFO] 输入:admin成功true
[2018-05-08 18:14:35] [INFO] 属性的值为： id: ls_password
[2018-05-08 18:14:35] [ERROR] 成功定位到该元素: id: ls_password
[2018-05-08 18:14:35] [INFO] 输入:admin成功true
[2018-05-08 18:14:36] [INFO] 属性的值为： xpath: /html/body/div[5]/div/div[1]/form/div/div/table/tbody/tr[2]/td[3]/button
[2018-05-08 18:14:36] [ERROR] 成功定位到该元素: xpath: /html/body/div[5]/div/div[1]/form/div/div/table/tbody/tr[2]/td[3]/button
[2018-05-08 18:14:36] [INFO] 属性的值为： xpath: /html/body/div[5]/div/div[1]/form/div/div/table/tbody/tr[2]/td[3]/button
[2018-05-08 18:14:36] [INFO] 点击 xpath: /html/body/div[5]/div/div[1]/form/div/div/table/tbody/tr[2]/td[3]/button成功
[2018-05-08 18:14:44] [INFO] 属性的值为： link text: 管理中心
[2018-05-08 18:14:44] [ERROR] 成功定位到该元素: link text: 管理中心
[2018-05-08 18:14:44] [INFO] 属性的值为： link text: 管理中心
[2018-05-08 18:14:44] [INFO] 点击 link text: 管理中心成功
[2018-05-08 18:14:56] [INFO] 获得当前句柄：CDwindow-FA9252CDF9DF4D713A70DC8EE7FAC1BE
[2018-05-08 18:14:56] [INFO] 获得当前句柄：CDwindow-A9E329939D02CB12B3A2C3595D302DF3
[2018-05-08 18:14:57] [INFO] 属性的值为： link text: 论坛
[2018-05-08 18:14:57] [ERROR] 成功定位到该元素: link text: 论坛
[2018-05-08 18:14:57] [INFO] 属性的值为： link text: 论坛
[2018-05-08 18:14:57] [INFO] 点击 link text: 论坛成功
[2018-05-08 18:15:01] [INFO] 属性的值为： link text: 论坛
[2018-05-08 18:15:01] [ERROR] 没有定位到该元素: link text: 论坛
[2018-05-08 18:15:01] [INFO] driver成功关闭
