[2018-05-09 17:17:02] [INFO] 启动chromedriver
[2018-05-09 17:17:09] [INFO] 获得网址:http://192.168.102.29/upload
[2018-05-09 17:17:09] [INFO] 属性的值为： id: ls_username
[2018-05-09 17:17:09] [ERROR] 成功定位到该元素: id: ls_username
[2018-05-09 17:17:10] [INFO] 输入:duanjiangtao成功true
[2018-05-09 17:17:10] [INFO] 属性的值为： id: ls_password
[2018-05-09 17:17:10] [ERROR] 成功定位到该元素: id: ls_password
[2018-05-09 17:17:10] [INFO] 输入:duanjiangtao成功true
[2018-05-09 17:17:10] [INFO] 属性的值为： xpath: /html/body/div[5]/div/div[1]/form/div/div/table/tbody/tr[2]/td[3]/button
[2018-05-09 17:17:10] [ERROR] 成功定位到该元素: xpath: /html/body/div[5]/div/div[1]/form/div/div/table/tbody/tr[2]/td[3]/button
[2018-05-09 17:17:10] [INFO] 属性的值为： xpath: /html/body/div[5]/div/div[1]/form/div/div/table/tbody/tr[2]/td[3]/button
[2018-05-09 17:17:10] [INFO] 点击 xpath: /html/body/div[5]/div/div[1]/form/div/div/table/tbody/tr[2]/td[3]/button成功
[2018-05-09 17:17:17] [INFO] 属性的值为： id: scbar_txt
[2018-05-09 17:17:17] [ERROR] 成功定位到该元素: id: scbar_txt
[2018-05-09 17:17:17] [INFO] 输入:haoTest成功true
[2018-05-09 17:17:17] [INFO] 属性的值为： id: scbar_btn
[2018-05-09 17:17:17] [ERROR] 成功定位到该元素: id: scbar_btn
[2018-05-09 17:17:17] [INFO] 属性的值为： id: scbar_btn
[2018-05-09 17:17:17] [INFO] 点击 id: scbar_btn成功
[2018-05-09 17:17:20] [INFO] 获得当前句柄：CDwindow-202E25AEB9E6E9458BF01D2DCB7D42F5
[2018-05-09 17:17:20] [INFO] 获得当前句柄：CDwindow-63A5D1D7FCCB6AB13D4A0B7369C07A14
[2018-05-09 17:17:21] [INFO] 属性的值为： xpath: //*[@id="19"]/h3/a/strong/font
[2018-05-09 17:17:21] [ERROR] 成功定位到该元素: xpath: //*[@id="19"]/h3/a/strong/font
[2018-05-09 17:17:21] [INFO] 属性的值为： xpath: //*[@id="19"]/h3/a/strong/font
[2018-05-09 17:17:21] [INFO] 点击 xpath: //*[@id="19"]/h3/a/strong/font成功
[2018-05-09 17:17:21] [INFO] 获得当前句柄：CDwindow-202E25AEB9E6E9458BF01D2DCB7D42F5
[2018-05-09 17:17:21] [INFO] 获得当前句柄：CDwindow-63A5D1D7FCCB6AB13D4A0B7369C07A14
[2018-05-09 17:17:21] [INFO] 获得当前句柄：CDwindow-6F347DB9D7EC16C4B57EC7B76FEBCE6A
[2018-05-09 17:17:26] [INFO] 属性的值为： id: thread_subject
[2018-05-09 17:17:26] [ERROR] 成功定位到该元素: id: thread_subject
[2018-05-09 17:17:26] [INFO] 文本---haoTest与预期文本---haoTest一致
[2018-05-09 17:17:27] [INFO] 属性的值为： link text: 退出
[2018-05-09 17:17:27] [ERROR] 成功定位到该元素: link text: 退出
[2018-05-09 17:17:35] [INFO] 属性的值为： link text: 退出
[2018-05-09 17:17:35] [INFO] 点击 link text: 退出成功
[2018-05-09 17:17:35] [INFO] driver成功关闭
