[2018-05-08 19:36:10] [INFO] 启动chromedriver
[2018-05-08 19:36:18] [INFO] 获得网址:http://192.168.102.23/upload
[2018-05-08 19:36:20] [INFO] 属性的值为： id: ls_username
[2018-05-08 19:36:20] [ERROR] 成功定位到该元素: id: ls_username
[2018-05-08 19:36:20] [INFO] 输入:duanjiangtao成功true
[2018-05-08 19:36:20] [INFO] 属性的值为： id: ls_password
[2018-05-08 19:36:20] [ERROR] 成功定位到该元素: id: ls_password
[2018-05-08 19:36:20] [INFO] 输入:duanjiangtao成功true
[2018-05-08 19:36:20] [INFO] 属性的值为： xpath: /html/body/div[5]/div/div[1]/form/div/div/table/tbody/tr[2]/td[3]/button
[2018-05-08 19:36:20] [ERROR] 成功定位到该元素: xpath: /html/body/div[5]/div/div[1]/form/div/div/table/tbody/tr[2]/td[3]/button
[2018-05-08 19:36:20] [INFO] 属性的值为： xpath: /html/body/div[5]/div/div[1]/form/div/div/table/tbody/tr[2]/td[3]/button
[2018-05-08 19:36:20] [INFO] 点击 xpath: /html/body/div[5]/div/div[1]/form/div/div/table/tbody/tr[2]/td[3]/button成功
[2018-05-08 19:36:20] [INFO] 属性的值为： link text: admin
[2018-05-08 19:36:20] [ERROR] 成功定位到该元素: link text: admin
[2018-05-08 19:36:24] [INFO] 属性的值为： link text: admin
[2018-05-08 19:36:24] [INFO] 点击 link text: admin成功
[2018-05-08 19:36:24] [INFO] 属性的值为： id: subject
[2018-05-08 19:36:24] [ERROR] 成功定位到该元素: id: subject
[2018-05-08 19:36:24] [INFO] 输入:我爱你成功true
[2018-05-08 19:36:24] [INFO] 属性的值为： id: subject
[2018-05-08 19:36:24] [ERROR] 没有定位到该元素: id: subject
[2018-05-08 19:36:24] [INFO] driver成功关闭
