[2018-05-08 15:12:23] [INFO] 启动chromedriver
[2018-05-08 15:12:31] [INFO] 获得网址:http://192.168.102.23/upload
[2018-05-08 15:12:31] [INFO] 属性的值为： id: ls_username
[2018-05-08 15:12:31] [ERROR] 成功定位到该元素: id: ls_username
[2018-05-08 15:12:31] [INFO] 输入:duanjiangtao成功true
[2018-05-08 15:12:31] [INFO] 属性的值为： id: ls_password
[2018-05-08 15:12:31] [ERROR] 成功定位到该元素: id: ls_password
[2018-05-08 15:12:31] [INFO] 输入:duanjiangtao成功true
[2018-05-08 15:12:31] [INFO] 属性的值为： xpath: /html/body/div[5]/div/div[1]/form/div/div/table/tbody/tr[2]/td[3]/button
[2018-05-08 15:12:31] [ERROR] 成功定位到该元素: xpath: /html/body/div[5]/div/div[1]/form/div/div/table/tbody/tr[2]/td[3]/button
[2018-05-08 15:12:31] [INFO] 属性的值为： xpath: /html/body/div[5]/div/div[1]/form/div/div/table/tbody/tr[2]/td[3]/button
[2018-05-08 15:12:31] [INFO] 点击 xpath: /html/body/div[5]/div/div[1]/form/div/div/table/tbody/tr[2]/td[3]/button成功
[2018-05-08 15:12:37] [INFO] 属性的值为： link text: 默认版块
[2018-05-08 15:12:37] [ERROR] 成功定位到该元素: link text: 默认版块
[2018-05-08 15:12:43] [INFO] 属性的值为： link text: 默认版块
[2018-05-08 15:12:43] [INFO] 点击 link text: 默认版块成功
[2018-05-08 15:12:43] [INFO] 属性的值为： id: subject
[2018-05-08 15:12:43] [ERROR] 成功定位到该元素: id: subject
[2018-05-08 15:12:43] [INFO] 输入:hello,成功true
[2018-05-08 15:12:43] [INFO] 属性的值为： xpath: //*[@id="fastpostmessage"]
[2018-05-08 15:12:43] [ERROR] 成功定位到该元素: xpath: //*[@id="fastpostmessage"]
[2018-05-08 15:12:43] [INFO] 输入:好好待我成功true
[2018-05-08 15:12:43] [INFO] 属性的值为： id: fastpostsubmit
[2018-05-08 15:12:43] [ERROR] 成功定位到该元素: id: fastpostsubmit
[2018-05-08 15:12:43] [INFO] 属性的值为： id: fastpostsubmit
[2018-05-08 15:12:43] [INFO] 点击 id: fastpostsubmit成功
[2018-05-08 15:12:50] [INFO] 属性的值为： xpath: //*[@id="fastpostmessage"]
[2018-05-08 15:12:50] [ERROR] 成功定位到该元素: xpath: //*[@id="fastpostmessage"]
[2018-05-08 15:12:50] [INFO] 输入:我会的成功true
[2018-05-08 15:12:50] [INFO] 属性的值为： id: fastpostsubmit
[2018-05-08 15:12:50] [ERROR] 成功定位到该元素: id: fastpostsubmit
[2018-05-08 15:12:50] [INFO] 属性的值为： id: fastpostsubmit
[2018-05-08 15:12:50] [INFO] 点击 id: fastpostsubmit成功
[2018-05-08 15:12:52] [INFO] 属性的值为： link text: 退出
[2018-05-08 15:12:52] [ERROR] 成功定位到该元素: link text: 退出
[2018-05-08 15:12:55] [INFO] 属性的值为： link text: 退出
[2018-05-08 15:12:55] [INFO] 点击 link text: 退出成功
[2018-05-08 15:12:57] [INFO] driver成功关闭
