[2018-05-08 19:37:05] [INFO] 启动chromedriver
[2018-05-08 19:37:11] [INFO] 获得网址:http://192.168.102.23/upload
[2018-05-08 19:37:13] [INFO] 属性的值为： id: ls_username
[2018-05-08 19:37:13] [ERROR] 成功定位到该元素: id: ls_username
[2018-05-08 19:37:14] [INFO] 输入:duanjiangtao成功true
[2018-05-08 19:37:14] [INFO] 属性的值为： id: ls_password
[2018-05-08 19:37:14] [ERROR] 成功定位到该元素: id: ls_password
[2018-05-08 19:37:14] [INFO] 输入:duanjiangtao成功true
[2018-05-08 19:37:14] [INFO] 属性的值为： xpath: /html/body/div[5]/div/div[1]/form/div/div/table/tbody/tr[2]/td[3]/button
[2018-05-08 19:37:14] [ERROR] 成功定位到该元素: xpath: /html/body/div[5]/div/div[1]/form/div/div/table/tbody/tr[2]/td[3]/button
[2018-05-08 19:37:14] [INFO] 属性的值为： xpath: /html/body/div[5]/div/div[1]/form/div/div/table/tbody/tr[2]/td[3]/button
[2018-05-08 19:37:14] [INFO] 点击 xpath: /html/body/div[5]/div/div[1]/form/div/div/table/tbody/tr[2]/td[3]/button成功
[2018-05-08 19:37:20] [INFO] 属性的值为： link text: admin
[2018-05-08 19:37:20] [ERROR] 成功定位到该元素: link text: admin
[2018-05-08 19:37:26] [INFO] 属性的值为： link text: admin
[2018-05-08 19:37:26] [INFO] 点击 link text: admin成功
[2018-05-08 19:37:26] [INFO] 属性的值为： id: subject
[2018-05-08 19:37:26] [ERROR] 成功定位到该元素: id: subject
[2018-05-08 19:37:26] [INFO] 输入:我爱你成功true
[2018-05-08 19:37:26] [INFO] 属性的值为： xpath: //*[@id="fastpostmessage"]
[2018-05-08 19:37:26] [ERROR] 成功定位到该元素: xpath: //*[@id="fastpostmessage"]
[2018-05-08 19:37:26] [INFO] 输入:哈哈哈哈，是假的成功true
[2018-05-08 19:37:26] [INFO] 属性的值为： id: fastpostsubmit
[2018-05-08 19:37:26] [ERROR] 成功定位到该元素: id: fastpostsubmit
[2018-05-08 19:37:26] [INFO] 属性的值为： id: fastpostsubmit
[2018-05-08 19:37:26] [INFO] 点击 id: fastpostsubmit成功
[2018-05-08 19:37:26] [INFO] driver成功关闭
