[2018-05-09 19:34:24] [INFO] 启动chromedriver
[2018-05-09 19:34:30] [INFO] 获得网址:http://192.168.102.29/upload
[2018-05-09 19:34:33] [INFO] 属性的值为： id: ls_username
[2018-05-09 19:34:33] [ERROR] 成功定位到该元素: id: ls_username
[2018-05-09 19:34:33] [INFO] 输入:admin成功true
[2018-05-09 19:34:33] [INFO] 属性的值为： id: ls_password
[2018-05-09 19:34:33] [ERROR] 成功定位到该元素: id: ls_password
[2018-05-09 19:34:33] [INFO] 输入:admin成功true
[2018-05-09 19:34:33] [INFO] 属性的值为： xpath: /html/body/div[5]/div/div[1]/form/div/div/table/tbody/tr[2]/td[3]/button
[2018-05-09 19:34:33] [ERROR] 成功定位到该元素: xpath: /html/body/div[5]/div/div[1]/form/div/div/table/tbody/tr[2]/td[3]/button
[2018-05-09 19:34:33] [INFO] 属性的值为： xpath: /html/body/div[5]/div/div[1]/form/div/div/table/tbody/tr[2]/td[3]/button
[2018-05-09 19:34:33] [INFO] 点击 xpath: /html/body/div[5]/div/div[1]/form/div/div/table/tbody/tr[2]/td[3]/button成功
[2018-05-09 19:34:41] [INFO] 属性的值为： link text: 默认版块
[2018-05-09 19:34:41] [ERROR] 成功定位到该元素: link text: 默认版块
[2018-05-09 19:34:47] [INFO] 属性的值为： link text: 默认版块
[2018-05-09 19:34:47] [INFO] 点击 link text: 默认版块成功
[2018-05-09 19:34:49] [INFO] 属性的值为： xpath: //*[@id="normalthread_24"]/tr/td[2]/input
[2018-05-09 19:34:49] [ERROR] 成功定位到该元素: xpath: //*[@id="normalthread_24"]/tr/td[2]/input
[2018-05-09 19:34:49] [INFO] 属性的值为： xpath: //*[@id="normalthread_24"]/tr/td[2]/input
[2018-05-09 19:34:49] [INFO] 点击 xpath: //*[@id="normalthread_24"]/tr/td[2]/input成功
[2018-05-09 19:34:51] [INFO] 属性的值为： link text: 删除
[2018-05-09 19:34:51] [ERROR] 成功定位到该元素: link text: 删除
[2018-05-09 19:34:51] [INFO] 属性的值为： link text: 删除
[2018-05-09 19:34:51] [INFO] 点击 link text: 删除成功
[2018-05-09 19:34:53] [INFO] 属性的值为： id: reason
[2018-05-09 19:34:53] [ERROR] 成功定位到该元素: id: reason
[2018-05-09 19:34:53] [INFO] 输入:违法内容成功true
[2018-05-09 19:34:55] [INFO] 属性的值为： name: modsubmit
[2018-05-09 19:34:55] [ERROR] 成功定位到该元素: name: modsubmit
[2018-05-09 19:34:56] [INFO] 属性的值为： name: modsubmit
[2018-05-09 19:34:56] [INFO] 点击 name: modsubmit成功
[2018-05-09 19:35:03] [INFO] 属性的值为： link text: 管理中心
[2018-05-09 19:35:03] [ERROR] 成功定位到该元素: link text: 管理中心
[2018-05-09 19:35:03] [INFO] 属性的值为： link text: 管理中心
[2018-05-09 19:35:03] [INFO] 点击 link text: 管理中心成功
[2018-05-09 19:35:15] [INFO] 获得当前句柄：CDwindow-71925D658F1CCEAD3EB359BF9D9F6690
[2018-05-09 19:35:15] [INFO] 获得当前句柄：CDwindow-80EB9C1A4A5B9DE86085BA714C81D397
[2018-05-09 19:35:17] [INFO] 属性的值为： link text: 论坛
[2018-05-09 19:35:17] [ERROR] 成功定位到该元素: link text: 论坛
[2018-05-09 19:35:17] [INFO] 属性的值为： link text: 论坛
[2018-05-09 19:35:17] [INFO] 点击 link text: 论坛成功
[2018-05-09 19:35:21] [INFO] 属性的值为： link text: 添加新版块
[2018-05-09 19:35:21] [ERROR] 成功定位到该元素: link text: 添加新版块
[2018-05-09 19:35:21] [INFO] 属性的值为： link text: 添加新版块
[2018-05-09 19:35:21] [INFO] 点击 link text: 添加新版块成功
[2018-05-09 19:35:25] [INFO] 属性的值为： xpath: //*[@id="cpform"]/table/tbody[3]/tr[1]/td[3]/div/input
[2018-05-09 19:35:25] [ERROR] 成功定位到该元素: xpath: //*[@id="cpform"]/table/tbody[3]/tr[1]/td[3]/div/input
[2018-05-09 19:35:25] [INFO] 输入:admin成功true
[2018-05-09 19:35:29] [INFO] 属性的值为： id: submit_editsubmit
[2018-05-09 19:35:29] [ERROR] 成功定位到该元素: id: submit_editsubmit
[2018-05-09 19:35:29] [INFO] 属性的值为： id: submit_editsubmit
[2018-05-09 19:35:29] [INFO] 点击 id: submit_editsubmit成功
[2018-05-09 19:35:32] [INFO] 属性的值为： link text: 退出
[2018-05-09 19:35:32] [ERROR] 成功定位到该元素: link text: 退出
[2018-05-09 19:35:39] [INFO] 属性的值为： link text: 退出
[2018-05-09 19:35:39] [INFO] 点击 link text: 退出成功
[2018-05-09 19:35:39] [INFO] driver成功关闭
