[2018-05-09 20:12:47] [INFO] 启动chromedriver
[2018-05-09 20:12:56] [INFO] 获得网址:http://192.168.102.29/upload
[2018-05-09 20:12:56] [INFO] 开始查找元素：By.id: ls_username
[2018-05-09 20:12:56] [INFO] 找到了元素 [By.id: ls_username]
[2018-05-09 20:12:56] [INFO] 属性的值为： id: ls_username
[2018-05-09 20:12:56] [ERROR] 成功定位到该元素: id: ls_username
[2018-05-09 20:12:56] [INFO] 输入:admin成功true
[2018-05-09 20:12:56] [INFO] 开始查找元素：By.id: ls_password
[2018-05-09 20:12:56] [INFO] 找到了元素 [By.id: ls_password]
[2018-05-09 20:12:56] [INFO] 属性的值为： id: ls_password
[2018-05-09 20:12:56] [ERROR] 成功定位到该元素: id: ls_password
[2018-05-09 20:12:56] [INFO] 输入:admin成功true
[2018-05-09 20:12:56] [INFO] 开始查找元素：By.xpath: /html/body/div[5]/div/div[1]/form/div/div/table/tbody/tr[2]/td[3]/button
[2018-05-09 20:12:56] [INFO] 找到了元素 [By.xpath: /html/body/div[5]/div/div[1]/form/div/div/table/tbody/tr[2]/td[3]/button]
[2018-05-09 20:12:56] [INFO] 属性的值为： xpath: /html/body/div[5]/div/div[1]/form/div/div/table/tbody/tr[2]/td[3]/button
[2018-05-09 20:12:56] [ERROR] 成功定位到该元素: xpath: /html/body/div[5]/div/div[1]/form/div/div/table/tbody/tr[2]/td[3]/button
[2018-05-09 20:12:56] [INFO] 属性的值为： xpath: /html/body/div[5]/div/div[1]/form/div/div/table/tbody/tr[2]/td[3]/button
[2018-05-09 20:12:56] [INFO] 点击 xpath: /html/body/div[5]/div/div[1]/form/div/div/table/tbody/tr[2]/td[3]/button成功
[2018-05-09 20:12:59] [INFO] 开始查找元素：By.linkText: 默认版块
[2018-05-09 20:13:04] [INFO] 找到了元素 [By.linkText: 默认版块]
[2018-05-09 20:13:04] [INFO] 属性的值为： link text: 默认版块
[2018-05-09 20:13:04] [ERROR] 成功定位到该元素: link text: 默认版块
[2018-05-09 20:13:10] [INFO] 属性的值为： link text: 默认版块
[2018-05-09 20:13:10] [INFO] 点击 link text: 默认版块成功
[2018-05-09 20:13:10] [INFO] 开始查找元素：By.xpath: //*[@id="normalthread_23"]/tr/td[2]/input
[2018-05-09 20:13:10] [INFO] 找到了元素 [By.xpath: //*[@id="normalthread_23"]/tr/td[2]/input]
[2018-05-09 20:13:10] [INFO] 属性的值为： xpath: //*[@id="normalthread_23"]/tr/td[2]/input
[2018-05-09 20:13:10] [ERROR] 成功定位到该元素: xpath: //*[@id="normalthread_23"]/tr/td[2]/input
[2018-05-09 20:13:10] [INFO] 属性的值为： xpath: //*[@id="normalthread_23"]/tr/td[2]/input
[2018-05-09 20:13:10] [INFO] 点击 xpath: //*[@id="normalthread_23"]/tr/td[2]/input成功
[2018-05-09 20:13:10] [INFO] 开始查找元素：By.linkText: 删除
[2018-05-09 20:13:10] [INFO] 找到了元素 [By.linkText: 删除]
[2018-05-09 20:13:10] [INFO] 属性的值为： link text: 删除
[2018-05-09 20:13:10] [ERROR] 成功定位到该元素: link text: 删除
[2018-05-09 20:13:11] [INFO] 属性的值为： link text: 删除
[2018-05-09 20:13:11] [INFO] 点击 link text: 删除成功
[2018-05-09 20:13:11] [INFO] 开始查找元素：By.id: reason
[2018-05-09 20:13:13] [INFO] 找到了元素 [By.id: reason]
[2018-05-09 20:13:13] [INFO] 属性的值为： id: reason
[2018-05-09 20:13:13] [ERROR] 成功定位到该元素: id: reason
[2018-05-09 20:13:13] [INFO] 输入:违法内容成功true
[2018-05-09 20:13:13] [INFO] 开始查找元素：By.name: modsubmit
[2018-05-09 20:13:13] [INFO] 找到了元素 [By.name: modsubmit]
[2018-05-09 20:13:13] [INFO] 属性的值为： name: modsubmit
[2018-05-09 20:13:13] [ERROR] 成功定位到该元素: name: modsubmit
[2018-05-09 20:13:13] [INFO] 属性的值为： name: modsubmit
[2018-05-09 20:13:13] [INFO] 点击 name: modsubmit成功
[2018-05-09 20:13:13] [INFO] 开始查找元素：By.linkText: 管理中心
[2018-05-09 20:13:13] [INFO] 找到了元素 [By.linkText: 管理中心]
[2018-05-09 20:13:13] [INFO] 属性的值为： link text: 管理中心
[2018-05-09 20:13:13] [ERROR] 成功定位到该元素: link text: 管理中心
[2018-05-09 20:13:13] [INFO] 属性的值为： link text: 管理中心
[2018-05-09 20:13:13] [INFO] 点击 link text: 管理中心成功
[2018-05-09 20:13:13] [INFO] 获得当前句柄：CDwindow-B36FF7888D0A0467E206313FD1A05C7F
[2018-05-09 20:13:13] [INFO] 获得当前句柄：CDwindow-F9FB90421C6D2DA24DE21039B6A9D55F
[2018-05-09 20:13:13] [INFO] 开始查找元素：By.linkText: 论坛
[2018-05-09 20:13:44] [INFO] 找到了元素 [By.linkText: 论坛]
[2018-05-09 20:13:44] [INFO] 属性的值为： link text: 论坛
[2018-05-09 20:13:44] [ERROR] 成功定位到该元素: link text: 论坛
[2018-05-09 20:13:44] [INFO] 属性的值为： link text: 论坛
[2018-05-09 20:13:44] [INFO] 点击 link text: 论坛成功
[2018-05-09 20:13:44] [INFO] 开始查找元素：By.linkText: 添加新版块
[2018-05-09 20:13:46] [INFO] 找到了元素 [By.linkText: 添加新版块]
[2018-05-09 20:13:46] [INFO] 属性的值为： link text: 添加新版块
[2018-05-09 20:13:46] [ERROR] 成功定位到该元素: link text: 添加新版块
[2018-05-09 20:13:46] [INFO] 属性的值为： link text: 添加新版块
[2018-05-09 20:13:46] [INFO] 点击 link text: 添加新版块成功
[2018-05-09 20:13:46] [INFO] 开始查找元素：By.xpath: //*[@id="cpform"]/table/tbody[3]/tr[1]/td[3]/div/input
[2018-05-09 20:13:46] [INFO] 找到了元素 [By.xpath: //*[@id="cpform"]/table/tbody[3]/tr[1]/td[3]/div/input]
[2018-05-09 20:13:46] [INFO] 属性的值为： xpath: //*[@id="cpform"]/table/tbody[3]/tr[1]/td[3]/div/input
[2018-05-09 20:13:46] [ERROR] 成功定位到该元素: xpath: //*[@id="cpform"]/table/tbody[3]/tr[1]/td[3]/div/input
[2018-05-09 20:13:47] [INFO] 输入:admin成功true
[2018-05-09 20:13:47] [INFO] 开始查找元素：By.id: submit_editsubmit
[2018-05-09 20:13:47] [INFO] 找到了元素 [By.id: submit_editsubmit]
[2018-05-09 20:13:47] [INFO] 属性的值为： id: submit_editsubmit
[2018-05-09 20:13:47] [ERROR] 成功定位到该元素: id: submit_editsubmit
[2018-05-09 20:13:47] [INFO] 属性的值为： id: submit_editsubmit
[2018-05-09 20:13:47] [INFO] 点击 id: submit_editsubmit成功
[2018-05-09 20:13:50] [INFO] 开始查找元素：By.linkText: 退出
[2018-05-09 20:13:50] [INFO] 找到了元素 [By.linkText: 退出]
[2018-05-09 20:13:50] [INFO] 属性的值为： link text: 退出
[2018-05-09 20:13:50] [ERROR] 成功定位到该元素: link text: 退出
[2018-05-09 20:13:53] [INFO] 属性的值为： link text: 退出
[2018-05-09 20:13:53] [INFO] 点击 link text: 退出成功
[2018-05-09 20:13:53] [INFO] driver成功关闭
