[2018-05-09 20:07:45] [INFO] 启动chromedriver
[2018-05-09 20:07:52] [INFO] 获得网址:http://192.168.102.29/upload
[2018-05-09 20:07:52] [INFO] 开始查找元素：By.id: ls_username
[2018-05-09 20:07:52] [INFO] 找到了元素 [By.id: ls_username]
[2018-05-09 20:07:52] [INFO] 属性的值为： id: ls_username
[2018-05-09 20:07:52] [ERROR] 成功定位到该元素: id: ls_username
[2018-05-09 20:07:52] [INFO] 输入:duanjiangtao成功true
[2018-05-09 20:07:52] [INFO] 开始查找元素：By.id: ls_password
[2018-05-09 20:07:52] [INFO] 找到了元素 [By.id: ls_password]
[2018-05-09 20:07:52] [INFO] 属性的值为： id: ls_password
[2018-05-09 20:07:52] [ERROR] 成功定位到该元素: id: ls_password
[2018-05-09 20:07:52] [INFO] 输入:duanjiangtao成功true
[2018-05-09 20:07:52] [INFO] 开始查找元素：By.xpath: /html/body/div[5]/div/div[1]/form/div/div/table/tbody/tr[2]/td[3]/button
[2018-05-09 20:07:52] [INFO] 找到了元素 [By.xpath: /html/body/div[5]/div/div[1]/form/div/div/table/tbody/tr[2]/td[3]/button]
[2018-05-09 20:07:52] [INFO] 属性的值为： xpath: /html/body/div[5]/div/div[1]/form/div/div/table/tbody/tr[2]/td[3]/button
[2018-05-09 20:07:52] [ERROR] 成功定位到该元素: xpath: /html/body/div[5]/div/div[1]/form/div/div/table/tbody/tr[2]/td[3]/button
[2018-05-09 20:07:52] [INFO] 属性的值为： xpath: /html/body/div[5]/div/div[1]/form/div/div/table/tbody/tr[2]/td[3]/button
[2018-05-09 20:07:52] [INFO] 点击 xpath: /html/body/div[5]/div/div[1]/form/div/div/table/tbody/tr[2]/td[3]/button成功
[2018-05-09 20:07:55] [INFO] 开始查找元素：By.linkText: 默认版块
[2018-05-09 20:07:59] [INFO] 找到了元素 [By.linkText: 默认版块]
[2018-05-09 20:07:59] [INFO] 属性的值为： link text: 默认版块
[2018-05-09 20:07:59] [ERROR] 成功定位到该元素: link text: 默认版块
[2018-05-09 20:08:04] [INFO] 属性的值为： link text: 默认版块
[2018-05-09 20:08:04] [INFO] 点击 link text: 默认版块成功
[2018-05-09 20:08:04] [INFO] 开始查找元素：By.xpath: //*[@id="normalthread_37"]/tr/th/a[2]
[2018-05-09 20:08:04] [INFO] 找到了元素 [By.xpath: //*[@id="normalthread_37"]/tr/th/a[2]]
[2018-05-09 20:08:04] [INFO] 属性的值为： xpath: //*[@id="normalthread_37"]/tr/th/a[2]
[2018-05-09 20:08:04] [ERROR] 成功定位到该元素: xpath: //*[@id="normalthread_37"]/tr/th/a[2]
[2018-05-09 20:08:11] [INFO] 属性的值为： xpath: //*[@id="normalthread_37"]/tr/th/a[2]
[2018-05-09 20:08:11] [INFO] 点击 xpath: //*[@id="normalthread_37"]/tr/th/a[2]成功
[2018-05-09 20:08:11] [INFO] 开始查找元素：By.xpath: //*[@id="post_reply"]/img
[2018-05-09 20:08:11] [INFO] 找到了元素 [By.xpath: //*[@id="post_reply"]/img]
[2018-05-09 20:08:11] [INFO] 属性的值为： xpath: //*[@id="post_reply"]/img
[2018-05-09 20:08:11] [ERROR] 成功定位到该元素: xpath: //*[@id="post_reply"]/img
[2018-05-09 20:08:11] [INFO] 属性的值为： xpath: //*[@id="post_reply"]/img
[2018-05-09 20:08:11] [INFO] 点击 xpath: //*[@id="post_reply"]/img成功
[2018-05-09 20:08:11] [INFO] 开始查找元素：By.id: postmessage
[2018-05-09 20:08:13] [INFO] 找到了元素 [By.id: postmessage]
[2018-05-09 20:08:13] [INFO] 属性的值为： id: postmessage
[2018-05-09 20:08:13] [ERROR] 成功定位到该元素: id: postmessage
[2018-05-09 20:08:13] [INFO] 输入:我会的好好地成功true
[2018-05-09 20:08:13] [INFO] 开始查找元素：By.id: postmessage
[2018-05-09 20:08:13] [INFO] 找到了元素 [By.id: postmessage]
[2018-05-09 20:08:13] [INFO] 属性的值为： id: postmessage
[2018-05-09 20:08:13] [ERROR] 成功定位到该元素: id: postmessage
[2018-05-09 20:08:13] [INFO] 属性的值为： id: postmessage
[2018-05-09 20:08:13] [INFO] 点击 id: postmessage成功
[2018-05-09 20:08:13] [INFO] driver成功关闭
