[2018-05-09 20:17:05] [INFO] 启动chromedriver
[2018-05-09 20:17:14] [INFO] 获得网址:http://192.168.102.29/upload
[2018-05-09 20:17:15] [INFO] 开始查找元素：By.id: ls_username
[2018-05-09 20:17:15] [INFO] 找到了元素 [By.id: ls_username]
[2018-05-09 20:17:15] [INFO] 属性的值为： id: ls_username
[2018-05-09 20:17:15] [ERROR] 成功定位到该元素: id: ls_username
[2018-05-09 20:17:15] [INFO] 输入:admin成功true
[2018-05-09 20:17:15] [INFO] 开始查找元素：By.id: ls_password
[2018-05-09 20:17:15] [INFO] 找到了元素 [By.id: ls_password]
[2018-05-09 20:17:15] [INFO] 属性的值为： id: ls_password
[2018-05-09 20:17:15] [ERROR] 成功定位到该元素: id: ls_password
[2018-05-09 20:17:15] [INFO] 输入:admin成功true
[2018-05-09 20:17:15] [INFO] 开始查找元素：By.xpath: /html/body/div[5]/div/div[1]/form/div/div/table/tbody/tr[2]/td[3]/button
[2018-05-09 20:17:15] [INFO] 找到了元素 [By.xpath: /html/body/div[5]/div/div[1]/form/div/div/table/tbody/tr[2]/td[3]/button]
[2018-05-09 20:17:15] [INFO] 属性的值为： xpath: /html/body/div[5]/div/div[1]/form/div/div/table/tbody/tr[2]/td[3]/button
[2018-05-09 20:17:15] [ERROR] 成功定位到该元素: xpath: /html/body/div[5]/div/div[1]/form/div/div/table/tbody/tr[2]/td[3]/button
[2018-05-09 20:17:15] [INFO] 属性的值为： xpath: /html/body/div[5]/div/div[1]/form/div/div/table/tbody/tr[2]/td[3]/button
[2018-05-09 20:17:15] [INFO] 点击 xpath: /html/body/div[5]/div/div[1]/form/div/div/table/tbody/tr[2]/td[3]/button成功
[2018-05-09 20:17:18] [INFO] 开始查找元素：By.linkText: 默认版块
[2018-05-09 20:17:23] [INFO] 找到了元素 [By.linkText: 默认版块]
[2018-05-09 20:17:23] [INFO] 属性的值为： link text: 默认版块
[2018-05-09 20:17:23] [ERROR] 成功定位到该元素: link text: 默认版块
[2018-05-09 20:17:29] [INFO] 属性的值为： link text: 默认版块
[2018-05-09 20:17:29] [INFO] 点击 link text: 默认版块成功
[2018-05-09 20:17:29] [INFO] 开始查找元素：By.xpath: //*[@id="normalthread_37"]/tr/td[2]/input
[2018-05-09 20:17:29] [INFO] 找到了元素 [By.xpath: //*[@id="normalthread_37"]/tr/td[2]/input]
[2018-05-09 20:17:29] [INFO] 属性的值为： xpath: //*[@id="normalthread_37"]/tr/td[2]/input
[2018-05-09 20:17:29] [ERROR] 成功定位到该元素: xpath: //*[@id="normalthread_37"]/tr/td[2]/input
[2018-05-09 20:17:29] [INFO] 属性的值为： xpath: //*[@id="normalthread_37"]/tr/td[2]/input
[2018-05-09 20:17:29] [INFO] 点击 xpath: //*[@id="normalthread_37"]/tr/td[2]/input成功
[2018-05-09 20:17:29] [INFO] 开始查找元素：By.linkText: 删除
[2018-05-09 20:17:29] [INFO] 找到了元素 [By.linkText: 删除]
[2018-05-09 20:17:29] [INFO] 属性的值为： link text: 删除
[2018-05-09 20:17:29] [ERROR] 成功定位到该元素: link text: 删除
[2018-05-09 20:17:30] [INFO] 属性的值为： link text: 删除
[2018-05-09 20:17:30] [INFO] 点击 link text: 删除成功
[2018-05-09 20:17:30] [INFO] 开始查找元素：By.id: reason
[2018-05-09 20:17:32] [INFO] 找到了元素 [By.id: reason]
[2018-05-09 20:17:32] [INFO] 属性的值为： id: reason
[2018-05-09 20:17:32] [ERROR] 成功定位到该元素: id: reason
[2018-05-09 20:17:32] [INFO] 输入:违法内容成功true
[2018-05-09 20:17:32] [INFO] 开始查找元素：By.name: modsubmit
[2018-05-09 20:17:32] [INFO] 找到了元素 [By.name: modsubmit]
[2018-05-09 20:17:32] [INFO] 属性的值为： name: modsubmit
[2018-05-09 20:17:32] [ERROR] 成功定位到该元素: name: modsubmit
[2018-05-09 20:17:32] [INFO] 属性的值为： name: modsubmit
[2018-05-09 20:17:32] [INFO] 点击 name: modsubmit成功
[2018-05-09 20:17:32] [INFO] 开始查找元素：By.linkText: 管理中心
[2018-05-09 20:17:32] [INFO] 找到了元素 [By.linkText: 管理中心]
[2018-05-09 20:17:32] [INFO] 属性的值为： link text: 管理中心
[2018-05-09 20:17:32] [ERROR] 成功定位到该元素: link text: 管理中心
[2018-05-09 20:17:32] [INFO] 属性的值为： link text: 管理中心
[2018-05-09 20:17:32] [INFO] 点击 link text: 管理中心成功
[2018-05-09 20:17:32] [INFO] 获得当前句柄：CDwindow-4A41BD491DC50CC3967B4CAE69934F60
[2018-05-09 20:17:33] [INFO] 获得当前句柄：CDwindow-CC85AF2050CF6325D9D3C75079445DC9
[2018-05-09 20:17:33] [INFO] 开始查找元素：By.linkText: 论坛
[2018-05-09 20:18:04] [INFO] 找到了元素 [By.linkText: 论坛]
[2018-05-09 20:18:04] [INFO] 属性的值为： link text: 论坛
[2018-05-09 20:18:04] [ERROR] 成功定位到该元素: link text: 论坛
[2018-05-09 20:18:04] [INFO] 属性的值为： link text: 论坛
[2018-05-09 20:18:04] [INFO] 点击 link text: 论坛成功
[2018-05-09 20:18:04] [INFO] 开始查找元素：By.linkText: 添加新版块
[2018-05-09 20:18:06] [INFO] 找到了元素 [By.linkText: 添加新版块]
[2018-05-09 20:18:06] [INFO] 属性的值为： link text: 添加新版块
[2018-05-09 20:18:06] [ERROR] 成功定位到该元素: link text: 添加新版块
[2018-05-09 20:18:06] [INFO] 属性的值为： link text: 添加新版块
[2018-05-09 20:18:06] [INFO] 点击 link text: 添加新版块成功
[2018-05-09 20:18:06] [INFO] 开始查找元素：By.xpath: //*[@id="cpform"]/table/tbody[3]/tr[1]/td[3]/div/input
[2018-05-09 20:18:06] [INFO] 找到了元素 [By.xpath: //*[@id="cpform"]/table/tbody[3]/tr[1]/td[3]/div/input]
[2018-05-09 20:18:06] [INFO] 属性的值为： xpath: //*[@id="cpform"]/table/tbody[3]/tr[1]/td[3]/div/input
[2018-05-09 20:18:06] [ERROR] 成功定位到该元素: xpath: //*[@id="cpform"]/table/tbody[3]/tr[1]/td[3]/div/input
[2018-05-09 20:18:06] [INFO] 输入:admin成功true
[2018-05-09 20:18:06] [INFO] 开始查找元素：By.id: submit_editsubmit
[2018-05-09 20:18:06] [INFO] 找到了元素 [By.id: submit_editsubmit]
[2018-05-09 20:18:06] [INFO] 属性的值为： id: submit_editsubmit
[2018-05-09 20:18:06] [ERROR] 成功定位到该元素: id: submit_editsubmit
[2018-05-09 20:18:07] [INFO] 属性的值为： id: submit_editsubmit
[2018-05-09 20:18:07] [INFO] 点击 id: submit_editsubmit成功
[2018-05-09 20:18:10] [INFO] 开始查找元素：By.linkText: 退出
[2018-05-09 20:18:10] [INFO] 找到了元素 [By.linkText: 退出]
[2018-05-09 20:18:10] [INFO] 属性的值为： link text: 退出
[2018-05-09 20:18:10] [ERROR] 成功定位到该元素: link text: 退出
[2018-05-09 20:18:13] [INFO] 属性的值为： link text: 退出
[2018-05-09 20:18:13] [INFO] 点击 link text: 退出成功
[2018-05-09 20:18:13] [INFO] driver成功关闭
