[2018-05-09 17:50:27] [INFO] 启动chromedriver
[2018-05-09 17:50:34] [INFO] 获得网址:http://192.168.102.29/upload
[2018-05-09 17:50:34] [INFO] 属性的值为： id: ls_username
[2018-05-09 17:50:34] [ERROR] 成功定位到该元素: id: ls_username
[2018-05-09 17:50:34] [INFO] 输入:duanjiangtao成功true
[2018-05-09 17:50:34] [INFO] 属性的值为： id: ls_password
[2018-05-09 17:50:34] [ERROR] 成功定位到该元素: id: ls_password
[2018-05-09 17:50:34] [INFO] 输入:duanjiangtao成功true
[2018-05-09 17:50:34] [INFO] 属性的值为： xpath: /html/body/div[5]/div/div[1]/form/div/div/table/tbody/tr[2]/td[3]/button
[2018-05-09 17:50:34] [ERROR] 成功定位到该元素: xpath: /html/body/div[5]/div/div[1]/form/div/div/table/tbody/tr[2]/td[3]/button
[2018-05-09 17:50:34] [INFO] 属性的值为： xpath: /html/body/div[5]/div/div[1]/form/div/div/table/tbody/tr[2]/td[3]/button
[2018-05-09 17:50:34] [INFO] 点击 xpath: /html/body/div[5]/div/div[1]/form/div/div/table/tbody/tr[2]/td[3]/button成功
[2018-05-09 17:50:41] [INFO] 属性的值为： link text: 默认版块
[2018-05-09 17:50:41] [ERROR] 成功定位到该元素: link text: 默认版块
[2018-05-09 17:50:47] [INFO] 属性的值为： link text: 默认版块
[2018-05-09 17:50:47] [INFO] 点击 link text: 默认版块成功
[2018-05-09 17:50:47] [INFO] 属性的值为： id: subject
[2018-05-09 17:50:47] [ERROR] 成功定位到该元素: id: subject
[2018-05-09 17:50:47] [INFO] 输入:hello,成功true
[2018-05-09 17:50:47] [INFO] 属性的值为： xpath: //*[@id="fastpostmessage"]
[2018-05-09 17:50:47] [ERROR] 成功定位到该元素: xpath: //*[@id="fastpostmessage"]
[2018-05-09 17:50:47] [INFO] 输入:好好待我成功true
[2018-05-09 17:50:47] [INFO] 属性的值为： id: fastpostsubmit
[2018-05-09 17:50:47] [ERROR] 成功定位到该元素: id: fastpostsubmit
[2018-05-09 17:50:48] [INFO] 属性的值为： id: fastpostsubmit
[2018-05-09 17:50:48] [INFO] 点击 id: fastpostsubmit成功
[2018-05-09 17:50:55] [INFO] 属性的值为： xpath: //*[@id="fastpostmessage"]
[2018-05-09 17:50:55] [ERROR] 成功定位到该元素: xpath: //*[@id="fastpostmessage"]
[2018-05-09 17:50:55] [INFO] 输入:我会的成功true
[2018-05-09 17:50:57] [INFO] 属性的值为： name: replysubmit
[2018-05-09 17:50:57] [ERROR] 成功定位到该元素: name: replysubmit
[2018-05-09 17:50:57] [INFO] 属性的值为： name: replysubmit
[2018-05-09 17:50:57] [INFO] 点击 name: replysubmit成功
[2018-05-09 17:50:57] [INFO] driver成功关闭
